2023-10-31T10:24:44.915+01:00  INFO 12520 --- [main] b.controller.AgreementControllerTest     : Starting AgreementControllerTest using Java 19.0.2 with PID 12520 (started by Tel-ran.de in C:\programmers\Project\BankMicroservicesApp)
2023-10-31T10:24:44.934+01:00  INFO 12520 --- [main] b.controller.AgreementControllerTest     : No active profile set, falling back to 1 default profile: "default"
2023-10-31T10:24:48.544+01:00  INFO 12520 --- [main] .s.d.r.c.RepositoryConfigurationDelegate : Multiple Spring Data modules found, entering strict repository configuration mode
2023-10-31T10:24:48.551+01:00  INFO 12520 --- [main] .s.d.r.c.RepositoryConfigurationDelegate : Bootstrapping Spring Data JDBC repositories in DEFAULT mode.
2023-10-31T10:24:48.706+01:00  INFO 12520 --- [main] .RepositoryConfigurationExtensionSupport : Spring Data JDBC - Could not safely identify store assignment for repository candidate interface bankmicroservicesapp.repository.AccountRepository; If you want this repository to be a JDBC repository, consider annotating your entities with one of these annotations: org.springframework.data.relational.core.mapping.Table.
2023-10-31T10:24:48.711+01:00  INFO 12520 --- [main] .RepositoryConfigurationExtensionSupport : Spring Data JDBC - Could not safely identify store assignment for repository candidate interface bankmicroservicesapp.repository.AgreementRepository; If you want this repository to be a JDBC repository, consider annotating your entities with one of these annotations: org.springframework.data.relational.core.mapping.Table.
2023-10-31T10:24:48.716+01:00  INFO 12520 --- [main] .RepositoryConfigurationExtensionSupport : Spring Data JDBC - Could not safely identify store assignment for repository candidate interface bankmicroservicesapp.repository.EmployeeRepository; If you want this repository to be a JDBC repository, consider annotating your entities with one of these annotations: org.springframework.data.relational.core.mapping.Table.
2023-10-31T10:24:48.721+01:00  INFO 12520 --- [main] .RepositoryConfigurationExtensionSupport : Spring Data JDBC - Could not safely identify store assignment for repository candidate interface bankmicroservicesapp.repository.ProductRepository; If you want this repository to be a JDBC repository, consider annotating your entities with one of these annotations: org.springframework.data.relational.core.mapping.Table.
2023-10-31T10:24:48.726+01:00  INFO 12520 --- [main] .RepositoryConfigurationExtensionSupport : Spring Data JDBC - Could not safely identify store assignment for repository candidate interface bankmicroservicesapp.repository.TransactionRepository; If you want this repository to be a JDBC repository, consider annotating your entities with one of these annotations: org.springframework.data.relational.core.mapping.Table.
2023-10-31T10:24:48.733+01:00  INFO 12520 --- [main] .RepositoryConfigurationExtensionSupport : Spring Data JDBC - Could not safely identify store assignment for repository candidate interface bankmicroservicesapp.repository.UserRepository; If you want this repository to be a JDBC repository, consider annotating your entities with one of these annotations: org.springframework.data.relational.core.mapping.Table.
2023-10-31T10:24:48.735+01:00  INFO 12520 --- [main] .s.d.r.c.RepositoryConfigurationDelegate : Finished Spring Data repository scanning in 162 ms. Found 0 JDBC repository interfaces.
2023-10-31T10:24:48.821+01:00  INFO 12520 --- [main] .s.d.r.c.RepositoryConfigurationDelegate : Multiple Spring Data modules found, entering strict repository configuration mode
2023-10-31T10:24:48.854+01:00  INFO 12520 --- [main] .s.d.r.c.RepositoryConfigurationDelegate : Bootstrapping Spring Data JPA repositories in DEFAULT mode.
2023-10-31T10:24:49.106+01:00  INFO 12520 --- [main] .s.d.r.c.RepositoryConfigurationDelegate : Finished Spring Data repository scanning in 225 ms. Found 6 JPA repository interfaces.
2023-10-31T10:24:52.250+01:00  INFO 12520 --- [main] o.hibernate.jpa.internal.util.LogHelper  : HHH000204: Processing PersistenceUnitInfo [name: default]
2023-10-31T10:24:52.597+01:00  INFO 12520 --- [main] org.hibernate.Version                    : HHH000412: Hibernate ORM core version 6.2.7.Final
2023-10-31T10:24:52.611+01:00  INFO 12520 --- [main] org.hibernate.cfg.Environment            : HHH000406: Using bytecode reflection optimizer
2023-10-31T10:24:54.254+01:00  INFO 12520 --- [main] o.h.b.i.BytecodeProviderInitiator        : HHH000021: Bytecode provider name : bytebuddy
2023-10-31T10:24:56.019+01:00  INFO 12520 --- [main] o.s.o.j.p.SpringPersistenceUnitInfo      : No LoadTimeWeaver setup: ignoring JPA class transformer
2023-10-31T10:24:56.118+01:00  INFO 12520 --- [main] com.zaxxer.hikari.HikariDataSource       : HikariPool-1 - Starting...
2023-10-31T10:24:58.283+01:00  INFO 12520 --- [main] com.zaxxer.hikari.pool.HikariPool        : HikariPool-1 - Added connection conn1: url=jdbc:h2:file:./testDb user=SA
2023-10-31T10:24:58.290+01:00  INFO 12520 --- [main] com.zaxxer.hikari.HikariDataSource       : HikariPool-1 - Start completed.
2023-10-31T10:24:59.493+01:00  INFO 12520 --- [main] o.h.b.i.BytecodeProviderInitiator        : HHH000021: Bytecode provider name : bytebuddy
2023-10-31T10:25:02.678+01:00  INFO 12520 --- [main] o.h.e.t.j.p.i.JtaPlatformInitiator       : HHH000490: Using JtaPlatform implementation: [org.hibernate.engine.transaction.jta.platform.internal.NoJtaPlatform]
2023-10-31T10:25:02.690+01:00  INFO 12520 --- [main] j.LocalContainerEntityManagerFactoryBean : Initialized JPA EntityManagerFactory for persistence unit 'default'
2023-10-31T10:25:05.013+01:00  INFO 12520 --- [main] o.s.d.j.r.query.QueryEnhancerFactory     : Hibernate is in classpath; If applicable, HQL parser will be used.
2023-10-31T10:25:09.302+01:00  WARN 12520 --- [main] JpaBaseConfiguration$JpaWebConfiguration : spring.jpa.open-in-view is enabled by default. Therefore, database queries may be performed during view rendering. Explicitly configure spring.jpa.open-in-view to disable this warning
2023-10-31T10:25:12.167+01:00  INFO 12520 --- [main] o.s.b.t.m.w.SpringBootMockServletContext : Initializing Spring TestDispatcherServlet ''
2023-10-31T10:25:12.169+01:00  INFO 12520 --- [main] o.s.t.web.servlet.TestDispatcherServlet  : Initializing Servlet ''
2023-10-31T10:25:12.171+01:00  INFO 12520 --- [main] o.s.t.web.servlet.TestDispatcherServlet  : Completed initialization in 2 ms
2023-10-31T10:25:12.281+01:00  INFO 12520 --- [main] b.controller.AgreementControllerTest     : Started AgreementControllerTest in 30.25 seconds (process running for 37.115)
2023-10-31T10:25:14.383+01:00  INFO 12520 --- [main] b.aspect.LoggingAspect                   : NEW REQUEST:
IP : 127.0.0.1
URL : http://localhost/agreement/get/agreementClientId
HTTP_METHOD : GET
CONTROLLER_METHOD : bankmicroservicesapp.controller.AgreementController.findAgreementsClientIdIs
2023-10-31T10:25:14.386+01:00  INFO 12520 --- [main] b.aspect.LoggingAspect                   : RUN SERVICE:
SERVICE_METHOD : bankmicroservicesapp.service.impl.AgreementServiceImpl.findAgreementsWhereClientIdIs
2023-10-31T10:25:14.973+01:00  INFO 12520 --- [main] b.aspect.LoggingAspect                   : 
Return value: [AgreementDto(productName=HealthInsurance, userId=05ebe134-0d14-4675-99ef-d07da2b2212f, interestRate=10.2, currencyCode=USD, status=Completed, discount=0.0, agreementLimit=5000.0, sum=500.0)]
END OF REQUEST
2023-10-31T10:25:15.329+01:00  INFO 12520 --- [main] b.aspect.LoggingAspect                   : NEW REQUEST:
IP : 127.0.0.1
URL : http://localhost/agreement/get/agreementManager
HTTP_METHOD : GET
CONTROLLER_METHOD : bankmicroservicesapp.controller.AgreementController.findAgreementManager
2023-10-31T10:25:15.330+01:00  INFO 12520 --- [main] b.aspect.LoggingAspect                   : RUN SERVICE:
SERVICE_METHOD : bankmicroservicesapp.service.impl.AgreementServiceImpl.findAgreementWhereManagerId
2023-10-31T10:25:15.365+01:00  INFO 12520 --- [main] b.aspect.LoggingAspect                   : 
Return value: [AgreementDto(productName=HealthInsurance, userId=05ebe134-0d14-4675-99ef-d07da2b2212f, interestRate=10.2, currencyCode=USD, status=Completed, discount=0.0, agreementLimit=5000.0, sum=500.0)]
END OF REQUEST
2023-10-31T10:25:15.491+01:00  INFO 12520 --- [main] b.aspect.LoggingAspect                   : NEW REQUEST:
IP : 127.0.0.1
URL : http://localhost/agreement/delete/a242f83f-a341-45f4-9430-e43cfbf55361
HTTP_METHOD : DELETE
CONTROLLER_METHOD : bankmicroservicesapp.controller.AgreementController.deleteById
2023-10-31T10:25:15.492+01:00  INFO 12520 --- [main] b.aspect.LoggingAspect                   : RUN SERVICE:
SERVICE_METHOD : bankmicroservicesapp.service.impl.AgreementServiceImpl.deleteById
2023-10-31T10:25:15.630+01:00 ERROR 12520 --- [main] b.aspect.LoggingAspect                   : Request throw an exception. Cause - [a242f83f-a341-45f4-9430-e43cfbf55361]. Data not exist!
2023-10-31T10:25:15.750+01:00  INFO 12520 --- [main] b.aspect.LoggingAspect                   : NEW REQUEST:
IP : 127.0.0.1
URL : http://localhost/agreement/get/a242f83f-a341-45f4-9430-e43cfbf55361
HTTP_METHOD : GET
CONTROLLER_METHOD : bankmicroservicesapp.controller.AgreementController.getById
2023-10-31T10:25:15.751+01:00  INFO 12520 --- [main] b.aspect.LoggingAspect                   : RUN SERVICE:
SERVICE_METHOD : bankmicroservicesapp.service.impl.AgreementServiceImpl.findAgreementById
2023-10-31T10:25:15.754+01:00 ERROR 12520 --- [main] b.aspect.LoggingAspect                   : Request throw an exception. Cause - [a242f83f-a341-45f4-9430-e43cfbf55361]. Data not exist!
2023-10-31T10:25:15.781+01:00  INFO 12520 --- [main] t.c.s.AnnotationConfigContextLoaderUtils : Could not detect default configuration classes for test class [bankmicroservicesapp.controller.UserControllerTest]: UserControllerTest does not declare any static, non-private, non-final, nested classes annotated with @Configuration.
2023-10-31T10:25:15.791+01:00  INFO 12520 --- [main] .b.t.c.SpringBootTestContextBootstrapper : Found @SpringBootConfiguration bankmicroservicesapp.BankMicroservicesAppApplication for test class bankmicroservicesapp.controller.UserControllerTest
2023-10-31T10:25:15.913+01:00  INFO 12520 --- [main] b.aspect.LoggingAspect                   : NEW REQUEST:
IP : 127.0.0.1
URL : http://localhost/user/7d80f158-2eff-4328-9921-0792706fe2d5
HTTP_METHOD : GET
CONTROLLER_METHOD : bankmicroservicesapp.controller.UserController.getById
2023-10-31T10:25:15.913+01:00  INFO 12520 --- [main] b.aspect.LoggingAspect                   : RUN SERVICE:
SERVICE_METHOD : bankmicroservicesapp.service.impl.UserServiceImpl.findById
2023-10-31T10:25:15.938+01:00  INFO 12520 --- [main] b.aspect.LoggingAspect                   : 
Return value: UserDto(id=7d80f158-2eff-4328-9921-0792706fe2d5, taxCode=IT678901234, firstName=Marco, lastName=Ferrari, email=marco.ferrari@gmail.com, userPassword=123123123123, address=901 Via Roma, Turin, Italy, phone=+39 678 901 2345, accountId=null, employeeId=null)
END OF REQUEST
2023-10-31T10:25:15.969+01:00  INFO 12520 --- [main] t.c.s.AnnotationConfigContextLoaderUtils : Could not detect default configuration classes for test class [bankmicroservicesapp.controller.ProductControllerTest]: ProductControllerTest does not declare any static, non-private, non-final, nested classes annotated with @Configuration.
2023-10-31T10:25:15.977+01:00  INFO 12520 --- [main] .b.t.c.SpringBootTestContextBootstrapper : Found @SpringBootConfiguration bankmicroservicesapp.BankMicroservicesAppApplication for test class bankmicroservicesapp.controller.ProductControllerTest
2023-10-31T10:25:16.107+01:00  INFO 12520 --- [main] b.aspect.LoggingAspect                   : NEW REQUEST:
IP : 127.0.0.1
URL : http://localhost/product/get/interestRate
HTTP_METHOD : GET
CONTROLLER_METHOD : bankmicroservicesapp.controller.ProductController.findProductAgreementStatus
2023-10-31T10:25:16.108+01:00  INFO 12520 --- [main] b.aspect.LoggingAspect                   : RUN SERVICE:
SERVICE_METHOD : bankmicroservicesapp.service.impl.ProductServiceImpl.findAllProductWhereAgreementQuantityMoreThan
2023-10-31T10:25:16.115+01:00  INFO 12520 --- [main] b.aspect.LoggingAspect                   : 
Return value: [ProductDto(id=60587cf0-aaa3-475a-8ef8-aa452c6e8fe9, productType=HealthInsurance, productStatus=Available, interestRate=2.99)]
END OF REQUEST
2023-10-31T10:25:16.275+01:00  INFO 12520 --- [main] b.aspect.LoggingAspect                   : NEW REQUEST:
IP : 127.0.0.1
URL : http://localhost/product/update/60587cf0-aaa3-475a-8ef8-aa452c6e8fe9
HTTP_METHOD : POST
CONTROLLER_METHOD : bankmicroservicesapp.controller.ProductController.updateProduct
2023-10-31T10:25:16.276+01:00  INFO 12520 --- [main] b.aspect.LoggingAspect                   : RUN SERVICE:
SERVICE_METHOD : bankmicroservicesapp.service.impl.ProductServiceImpl.updateProduct
2023-10-31T10:25:16.313+01:00  INFO 12520 --- [main] b.aspect.LoggingAspect                   : 
Return value: ProductUpdateDto(productType=PersonalLoans, productStatus=Available, interestRate=2.99)
END OF REQUEST
2023-10-31T10:25:16.321+01:00  INFO 12520 --- [main] b.aspect.LoggingAspect                   : NEW REQUEST:
IP : 127.0.0.1
URL : http://localhost/product/get/60587cf0-aaa3-475a-8ef8-aa452c6e8fe9
HTTP_METHOD : GET
CONTROLLER_METHOD : bankmicroservicesapp.controller.ProductController.getById
2023-10-31T10:25:16.322+01:00  INFO 12520 --- [main] b.aspect.LoggingAspect                   : RUN SERVICE:
SERVICE_METHOD : bankmicroservicesapp.service.impl.ProductServiceImpl.findProductById
2023-10-31T10:25:16.326+01:00  INFO 12520 --- [main] b.aspect.LoggingAspect                   : 
Return value: ProductDto(id=60587cf0-aaa3-475a-8ef8-aa452c6e8fe9, productType=PersonalLoans, productStatus=Available, interestRate=2.99)
END OF REQUEST
2023-10-31T10:25:16.340+01:00  INFO 12520 --- [main] t.c.s.AnnotationConfigContextLoaderUtils : Could not detect default configuration classes for test class [bankmicroservicesapp.BankMicroservicesAppApplicationTests]: BankMicroservicesAppApplicationTests does not declare any static, non-private, non-final, nested classes annotated with @Configuration.
2023-10-31T10:25:16.354+01:00  INFO 12520 --- [main] .b.t.c.SpringBootTestContextBootstrapper : Found @SpringBootConfiguration bankmicroservicesapp.BankMicroservicesAppApplication for test class bankmicroservicesapp.BankMicroservicesAppApplicationTests
2023-10-31T10:25:16.446+01:00  INFO 12520 --- [main] b.BankMicroservicesAppApplicationTests   : Starting BankMicroservicesAppApplicationTests using Java 19.0.2 with PID 12520 (started by Tel-ran.de in C:\programmers\Project\BankMicroservicesApp)
2023-10-31T10:25:16.447+01:00  INFO 12520 --- [main] b.BankMicroservicesAppApplicationTests   : No active profile set, falling back to 1 default profile: "default"
2023-10-31T10:25:17.004+01:00  INFO 12520 --- [main] .s.d.r.c.RepositoryConfigurationDelegate : Multiple Spring Data modules found, entering strict repository configuration mode
2023-10-31T10:25:17.005+01:00  INFO 12520 --- [main] .s.d.r.c.RepositoryConfigurationDelegate : Bootstrapping Spring Data JDBC repositories in DEFAULT mode.
2023-10-31T10:25:17.027+01:00  INFO 12520 --- [main] .RepositoryConfigurationExtensionSupport : Spring Data JDBC - Could not safely identify store assignment for repository candidate interface bankmicroservicesapp.repository.AccountRepository; If you want this repository to be a JDBC repository, consider annotating your entities with one of these annotations: org.springframework.data.relational.core.mapping.Table.
2023-10-31T10:25:17.027+01:00  INFO 12520 --- [main] .RepositoryConfigurationExtensionSupport : Spring Data JDBC - Could not safely identify store assignment for repository candidate interface bankmicroservicesapp.repository.AgreementRepository; If you want this repository to be a JDBC repository, consider annotating your entities with one of these annotations: org.springframework.data.relational.core.mapping.Table.
2023-10-31T10:25:17.027+01:00  INFO 12520 --- [main] .RepositoryConfigurationExtensionSupport : Spring Data JDBC - Could not safely identify store assignment for repository candidate interface bankmicroservicesapp.repository.EmployeeRepository; If you want this repository to be a JDBC repository, consider annotating your entities with one of these annotations: org.springframework.data.relational.core.mapping.Table.
2023-10-31T10:25:17.029+01:00  INFO 12520 --- [main] .RepositoryConfigurationExtensionSupport : Spring Data JDBC - Could not safely identify store assignment for repository candidate interface bankmicroservicesapp.repository.ProductRepository; If you want this repository to be a JDBC repository, consider annotating your entities with one of these annotations: org.springframework.data.relational.core.mapping.Table.
2023-10-31T10:25:17.030+01:00  INFO 12520 --- [main] .RepositoryConfigurationExtensionSupport : Spring Data JDBC - Could not safely identify store assignment for repository candidate interface bankmicroservicesapp.repository.TransactionRepository; If you want this repository to be a JDBC repository, consider annotating your entities with one of these annotations: org.springframework.data.relational.core.mapping.Table.
2023-10-31T10:25:17.031+01:00  INFO 12520 --- [main] .RepositoryConfigurationExtensionSupport : Spring Data JDBC - Could not safely identify store assignment for repository candidate interface bankmicroservicesapp.repository.UserRepository; If you want this repository to be a JDBC repository, consider annotating your entities with one of these annotations: org.springframework.data.relational.core.mapping.Table.
2023-10-31T10:25:17.032+01:00  INFO 12520 --- [main] .s.d.r.c.RepositoryConfigurationDelegate : Finished Spring Data repository scanning in 26 ms. Found 0 JDBC repository interfaces.
2023-10-31T10:25:17.041+01:00  INFO 12520 --- [main] .s.d.r.c.RepositoryConfigurationDelegate : Multiple Spring Data modules found, entering strict repository configuration mode
2023-10-31T10:25:17.043+01:00  INFO 12520 --- [main] .s.d.r.c.RepositoryConfigurationDelegate : Bootstrapping Spring Data JPA repositories in DEFAULT mode.
2023-10-31T10:25:17.114+01:00  INFO 12520 --- [main] .s.d.r.c.RepositoryConfigurationDelegate : Finished Spring Data repository scanning in 68 ms. Found 6 JPA repository interfaces.
2023-10-31T10:25:17.582+01:00  INFO 12520 --- [main] o.hibernate.jpa.internal.util.LogHelper  : HHH000204: Processing PersistenceUnitInfo [name: default]
2023-10-31T10:25:17.605+01:00  INFO 12520 --- [main] o.h.b.i.BytecodeProviderInitiator        : HHH000021: Bytecode provider name : bytebuddy
2023-10-31T10:25:17.606+01:00  INFO 12520 --- [main] o.s.o.j.p.SpringPersistenceUnitInfo      : No LoadTimeWeaver setup: ignoring JPA class transformer
2023-10-31T10:25:17.608+01:00  INFO 12520 --- [main] com.zaxxer.hikari.HikariDataSource       : HikariPool-2 - Starting...
2023-10-31T10:25:17.612+01:00  INFO 12520 --- [main] com.zaxxer.hikari.pool.HikariPool        : HikariPool-2 - Added connection conn11: url=jdbc:h2:file:./testDb user=SA
2023-10-31T10:25:17.612+01:00  INFO 12520 --- [main] com.zaxxer.hikari.HikariDataSource       : HikariPool-2 - Start completed.
2023-10-31T10:25:17.756+01:00  INFO 12520 --- [main] o.h.b.i.BytecodeProviderInitiator        : HHH000021: Bytecode provider name : bytebuddy
2023-10-31T10:25:18.225+01:00  INFO 12520 --- [main] o.h.e.t.j.p.i.JtaPlatformInitiator       : HHH000490: Using JtaPlatform implementation: [org.hibernate.engine.transaction.jta.platform.internal.NoJtaPlatform]
2023-10-31T10:25:18.225+01:00  INFO 12520 --- [main] j.LocalContainerEntityManagerFactoryBean : Initialized JPA EntityManagerFactory for persistence unit 'default'
2023-10-31T10:25:20.062+01:00  WARN 12520 --- [main] JpaBaseConfiguration$JpaWebConfiguration : spring.jpa.open-in-view is enabled by default. Therefore, database queries may be performed during view rendering. Explicitly configure spring.jpa.open-in-view to disable this warning
2023-10-31T10:25:21.277+01:00  INFO 12520 --- [main] b.BankMicroservicesAppApplicationTests   : Started BankMicroservicesAppApplicationTests in 4.913 seconds (process running for 46.11)
2023-10-31T10:25:21.322+01:00  INFO 12520 --- [main] t.c.s.AnnotationConfigContextLoaderUtils : Could not detect default configuration classes for test class [bankmicroservicesapp.controller.TransactionControllerTest]: TransactionControllerTest does not declare any static, non-private, non-final, nested classes annotated with @Configuration.
2023-10-31T10:25:21.332+01:00  INFO 12520 --- [main] .b.t.c.SpringBootTestContextBootstrapper : Found @SpringBootConfiguration bankmicroservicesapp.BankMicroservicesAppApplication for test class bankmicroservicesapp.controller.TransactionControllerTest
2023-10-31T10:25:21.452+01:00  INFO 12520 --- [main] b.aspect.LoggingAspect                   : NEW REQUEST:
IP : 127.0.0.1
URL : http://localhost/transaction/all
HTTP_METHOD : GET
CONTROLLER_METHOD : bankmicroservicesapp.controller.TransactionController.getAllTransaction
2023-10-31T10:25:21.453+01:00  INFO 12520 --- [main] b.aspect.LoggingAspect                   : RUN SERVICE:
SERVICE_METHOD : bankmicroservicesapp.service.impl.TransactionServiceImpl.getAll
2023-10-31T10:25:21.477+01:00  INFO 12520 --- [main] b.aspect.LoggingAspect                   : 
Return value: [TransactionDto(id=06752bb6-809f-400a-afff-50aaf6ccd647, type=TransferFunds, amount=0.0, description=for cookies, debitAccountId=11ebe124-0d14-4675-99ef-d07da2b2222a, creditAccountId=11ebe124-0d14-4675-99ef-d07da2b2222a)]
END OF REQUEST
2023-10-31T10:25:21.506+01:00  INFO 12520 --- [main] t.c.s.AnnotationConfigContextLoaderUtils : Could not detect default configuration classes for test class [bankmicroservicesapp.controller.AccountControllerTest]: AccountControllerTest does not declare any static, non-private, non-final, nested classes annotated with @Configuration.
2023-10-31T10:25:21.514+01:00  INFO 12520 --- [main] .b.t.c.SpringBootTestContextBootstrapper : Found @SpringBootConfiguration bankmicroservicesapp.BankMicroservicesAppApplication for test class bankmicroservicesapp.controller.AccountControllerTest
2023-10-31T10:25:21.604+01:00  INFO 12520 --- [main] b.aspect.LoggingAspect                   : NEW REQUEST:
IP : 127.0.0.1
URL : http://localhost/account/get-all/by-status
HTTP_METHOD : GET
CONTROLLER_METHOD : bankmicroservicesapp.controller.AccountController.getAllStatus
2023-10-31T10:25:21.605+01:00  INFO 12520 --- [main] b.aspect.LoggingAspect                   : RUN SERVICE:
SERVICE_METHOD : bankmicroservicesapp.service.impl.AccountServiceImpl.getAllByStatus
2023-10-31T10:25:21.618+01:00  INFO 12520 --- [main] b.aspect.LoggingAspect                   : 
Return value: [AccountDto(userId=05ebe134-0d14-4675-99ef-d07da2b2212f, name=John.Smith, type=Personal, status=Active, currencyCode=USD, bankRating=5, balance=12250.0)]
END OF REQUEST
2023-10-31T10:25:21.706+01:00  INFO 12520 --- [main] b.aspect.LoggingAspect                   : NEW REQUEST:
IP : 127.0.0.1
URL : http://localhost/account/create
HTTP_METHOD : POST
CONTROLLER_METHOD : bankmicroservicesapp.controller.AccountController.createAccount
2023-10-31T10:25:21.707+01:00  INFO 12520 --- [main] b.aspect.LoggingAspect                   : RUN SERVICE:
SERVICE_METHOD : bankmicroservicesapp.service.impl.AccountServiceImpl.createdAccount
2023-10-31T10:25:21.769+01:00  INFO 12520 --- [main] b.aspect.LoggingAspect                   : 
Return value: Account{id=bfc8d242-b107-4a4f-ba45-c68f6590ca63, name='John.Jonson', type=Business, status=New, balance=350.0, currencyCode=EUR, bankRating=5, createdAt=2023-10-31T10:25:21.752795, updatedAt=2023-10-31T10:25:21.752795}
END OF REQUEST
2023-10-31T10:25:21.891+01:00  INFO 12520 --- [SpringApplicationShutdownHook] j.LocalContainerEntityManagerFactoryBean : Closing JPA EntityManagerFactory for persistence unit 'default'
2023-10-31T10:25:22.342+01:00  INFO 12520 --- [SpringApplicationShutdownHook] com.zaxxer.hikari.HikariDataSource       : HikariPool-1 - Shutdown initiated...
2023-10-31T10:25:22.345+01:00  INFO 12520 --- [SpringApplicationShutdownHook] com.zaxxer.hikari.HikariDataSource       : HikariPool-1 - Shutdown completed.
2023-10-31T10:25:22.350+01:00  INFO 12520 --- [SpringApplicationShutdownHook] j.LocalContainerEntityManagerFactoryBean : Closing JPA EntityManagerFactory for persistence unit 'default'
2023-10-31T10:25:22.351+01:00  INFO 12520 --- [SpringApplicationShutdownHook] com.zaxxer.hikari.HikariDataSource       : HikariPool-2 - Shutdown initiated...
2023-10-31T10:25:22.354+01:00  INFO 12520 --- [SpringApplicationShutdownHook] com.zaxxer.hikari.HikariDataSource       : HikariPool-2 - Shutdown completed.
2023-10-31T19:01:37.901+01:00  INFO 8076 --- [main] b.controller.AgreementControllerTest     : Starting AgreementControllerTest using Java 19.0.2 with PID 8076 (started by Tel-ran.de in C:\programmers\Project\BankMicroservicesApp)
2023-10-31T19:01:37.909+01:00  INFO 8076 --- [main] b.controller.AgreementControllerTest     : No active profile set, falling back to 1 default profile: "default"
2023-10-31T19:01:57.412+01:00  INFO 8076 --- [main] .s.d.r.c.RepositoryConfigurationDelegate : Multiple Spring Data modules found, entering strict repository configuration mode
2023-10-31T19:01:57.421+01:00  INFO 8076 --- [main] .s.d.r.c.RepositoryConfigurationDelegate : Bootstrapping Spring Data JDBC repositories in DEFAULT mode.
2023-10-31T19:01:57.616+01:00  INFO 8076 --- [main] .RepositoryConfigurationExtensionSupport : Spring Data JDBC - Could not safely identify store assignment for repository candidate interface bankmicroservicesapp.repository.AccountRepository; If you want this repository to be a JDBC repository, consider annotating your entities with one of these annotations: org.springframework.data.relational.core.mapping.Table.
2023-10-31T19:01:57.626+01:00  INFO 8076 --- [main] .RepositoryConfigurationExtensionSupport : Spring Data JDBC - Could not safely identify store assignment for repository candidate interface bankmicroservicesapp.repository.AgreementRepository; If you want this repository to be a JDBC repository, consider annotating your entities with one of these annotations: org.springframework.data.relational.core.mapping.Table.
2023-10-31T19:01:57.632+01:00  INFO 8076 --- [main] .RepositoryConfigurationExtensionSupport : Spring Data JDBC - Could not safely identify store assignment for repository candidate interface bankmicroservicesapp.repository.EmployeeRepository; If you want this repository to be a JDBC repository, consider annotating your entities with one of these annotations: org.springframework.data.relational.core.mapping.Table.
2023-10-31T19:01:57.643+01:00  INFO 8076 --- [main] .RepositoryConfigurationExtensionSupport : Spring Data JDBC - Could not safely identify store assignment for repository candidate interface bankmicroservicesapp.repository.ProductRepository; If you want this repository to be a JDBC repository, consider annotating your entities with one of these annotations: org.springframework.data.relational.core.mapping.Table.
2023-10-31T19:01:57.657+01:00  INFO 8076 --- [main] .RepositoryConfigurationExtensionSupport : Spring Data JDBC - Could not safely identify store assignment for repository candidate interface bankmicroservicesapp.repository.TransactionRepository; If you want this repository to be a JDBC repository, consider annotating your entities with one of these annotations: org.springframework.data.relational.core.mapping.Table.
2023-10-31T19:01:57.664+01:00  INFO 8076 --- [main] .RepositoryConfigurationExtensionSupport : Spring Data JDBC - Could not safely identify store assignment for repository candidate interface bankmicroservicesapp.repository.UserRepository; If you want this repository to be a JDBC repository, consider annotating your entities with one of these annotations: org.springframework.data.relational.core.mapping.Table.
2023-10-31T19:01:57.669+01:00  INFO 8076 --- [main] .s.d.r.c.RepositoryConfigurationDelegate : Finished Spring Data repository scanning in 222 ms. Found 0 JDBC repository interfaces.
2023-10-31T19:01:57.721+01:00  INFO 8076 --- [main] .s.d.r.c.RepositoryConfigurationDelegate : Multiple Spring Data modules found, entering strict repository configuration mode
2023-10-31T19:01:57.726+01:00  INFO 8076 --- [main] .s.d.r.c.RepositoryConfigurationDelegate : Bootstrapping Spring Data JPA repositories in DEFAULT mode.
2023-10-31T19:01:58.019+01:00  INFO 8076 --- [main] .s.d.r.c.RepositoryConfigurationDelegate : Finished Spring Data repository scanning in 273 ms. Found 6 JPA repository interfaces.
2023-10-31T19:02:02.476+01:00  INFO 8076 --- [main] o.hibernate.jpa.internal.util.LogHelper  : HHH000204: Processing PersistenceUnitInfo [name: default]
2023-10-31T19:02:02.956+01:00  INFO 8076 --- [main] org.hibernate.Version                    : HHH000412: Hibernate ORM core version 6.2.7.Final
2023-10-31T19:02:02.990+01:00  INFO 8076 --- [main] org.hibernate.cfg.Environment            : HHH000406: Using bytecode reflection optimizer
2023-10-31T19:02:04.150+01:00  INFO 8076 --- [main] o.h.b.i.BytecodeProviderInitiator        : HHH000021: Bytecode provider name : bytebuddy
2023-10-31T19:02:05.051+01:00  INFO 8076 --- [main] o.s.o.j.p.SpringPersistenceUnitInfo      : No LoadTimeWeaver setup: ignoring JPA class transformer
2023-10-31T19:02:05.422+01:00  INFO 8076 --- [main] com.zaxxer.hikari.HikariDataSource       : HikariPool-1 - Starting...
2023-10-31T19:02:08.307+01:00  INFO 8076 --- [main] com.zaxxer.hikari.pool.HikariPool        : HikariPool-1 - Added connection conn1: url=jdbc:h2:file:./testDb user=SA
2023-10-31T19:02:08.321+01:00  INFO 8076 --- [main] com.zaxxer.hikari.HikariDataSource       : HikariPool-1 - Start completed.
2023-10-31T19:02:10.672+01:00  INFO 8076 --- [main] o.h.b.i.BytecodeProviderInitiator        : HHH000021: Bytecode provider name : bytebuddy
2023-10-31T19:02:15.088+01:00  INFO 8076 --- [main] o.h.e.t.j.p.i.JtaPlatformInitiator       : HHH000490: Using JtaPlatform implementation: [org.hibernate.engine.transaction.jta.platform.internal.NoJtaPlatform]
2023-10-31T19:02:15.098+01:00  INFO 8076 --- [main] j.LocalContainerEntityManagerFactoryBean : Initialized JPA EntityManagerFactory for persistence unit 'default'
2023-10-31T19:02:23.581+01:00  INFO 8076 --- [main] o.s.d.j.r.query.QueryEnhancerFactory     : Hibernate is in classpath; If applicable, HQL parser will be used.
2023-10-31T19:02:28.826+01:00  WARN 8076 --- [main] JpaBaseConfiguration$JpaWebConfiguration : spring.jpa.open-in-view is enabled by default. Therefore, database queries may be performed during view rendering. Explicitly configure spring.jpa.open-in-view to disable this warning
2023-10-31T19:02:31.669+01:00  INFO 8076 --- [main] o.s.b.t.m.w.SpringBootMockServletContext : Initializing Spring TestDispatcherServlet ''
2023-10-31T19:02:31.669+01:00  INFO 8076 --- [main] o.s.t.web.servlet.TestDispatcherServlet  : Initializing Servlet ''
2023-10-31T19:02:31.673+01:00  INFO 8076 --- [main] o.s.t.web.servlet.TestDispatcherServlet  : Completed initialization in 3 ms
2023-10-31T19:02:31.776+01:00  INFO 8076 --- [main] b.controller.AgreementControllerTest     : Started AgreementControllerTest in 58.031 seconds (process running for 66.707)
2023-10-31T19:02:34.397+01:00  INFO 8076 --- [main] b.aspect.LoggingAspect                   : NEW REQUEST:
IP : 127.0.0.1
URL : http://localhost/agreement/get/agreementClientId
HTTP_METHOD : GET
CONTROLLER_METHOD : bankmicroservicesapp.controller.AgreementController.findAgreementsClientIdIs
2023-10-31T19:02:34.401+01:00  INFO 8076 --- [main] b.aspect.LoggingAspect                   : RUN SERVICE:
SERVICE_METHOD : bankmicroservicesapp.service.impl.AgreementServiceImpl.findAgreementsWhereClientIdIs
2023-10-31T19:02:34.860+01:00  INFO 8076 --- [main] b.aspect.LoggingAspect                   : 
Return value: [AgreementDto(productName=HealthInsurance, userId=05ebe134-0d14-4675-99ef-d07da2b2212f, interestRate=10.2, currencyCode=USD, status=Completed, discount=0.0, agreementLimit=5000.0, sum=500.0)]
END OF REQUEST
2023-10-31T19:02:35.221+01:00  INFO 8076 --- [main] b.aspect.LoggingAspect                   : NEW REQUEST:
IP : 127.0.0.1
URL : http://localhost/agreement/get/agreementManager
HTTP_METHOD : GET
CONTROLLER_METHOD : bankmicroservicesapp.controller.AgreementController.findAgreementManager
2023-10-31T19:02:35.222+01:00  INFO 8076 --- [main] b.aspect.LoggingAspect                   : RUN SERVICE:
SERVICE_METHOD : bankmicroservicesapp.service.impl.AgreementServiceImpl.findAgreementWhereManagerId
2023-10-31T19:02:35.242+01:00  INFO 8076 --- [main] b.aspect.LoggingAspect                   : 
Return value: [AgreementDto(productName=HealthInsurance, userId=05ebe134-0d14-4675-99ef-d07da2b2212f, interestRate=10.2, currencyCode=USD, status=Completed, discount=0.0, agreementLimit=5000.0, sum=500.0)]
END OF REQUEST
2023-10-31T19:02:35.361+01:00  INFO 8076 --- [main] b.aspect.LoggingAspect                   : NEW REQUEST:
IP : 127.0.0.1
URL : http://localhost/agreement/delete/a242f83f-a341-45f4-9430-e43cfbf55361
HTTP_METHOD : DELETE
CONTROLLER_METHOD : bankmicroservicesapp.controller.AgreementController.deleteById
2023-10-31T19:02:35.361+01:00  INFO 8076 --- [main] b.aspect.LoggingAspect                   : RUN SERVICE:
SERVICE_METHOD : bankmicroservicesapp.service.impl.AgreementServiceImpl.deleteById
2023-10-31T19:02:35.495+01:00 ERROR 8076 --- [main] b.aspect.LoggingAspect                   : Request throw an exception. Cause - [a242f83f-a341-45f4-9430-e43cfbf55361]. Data not exist!
2023-10-31T19:02:35.582+01:00  INFO 8076 --- [main] b.aspect.LoggingAspect                   : NEW REQUEST:
IP : 127.0.0.1
URL : http://localhost/agreement/get/a242f83f-a341-45f4-9430-e43cfbf55361
HTTP_METHOD : GET
CONTROLLER_METHOD : bankmicroservicesapp.controller.AgreementController.getById
2023-10-31T19:02:35.583+01:00  INFO 8076 --- [main] b.aspect.LoggingAspect                   : RUN SERVICE:
SERVICE_METHOD : bankmicroservicesapp.service.impl.AgreementServiceImpl.findAgreementById
2023-10-31T19:02:35.590+01:00 ERROR 8076 --- [main] b.aspect.LoggingAspect                   : Request throw an exception. Cause - [a242f83f-a341-45f4-9430-e43cfbf55361]. Data not exist!
2023-10-31T19:02:35.624+01:00  INFO 8076 --- [main] t.c.s.AnnotationConfigContextLoaderUtils : Could not detect default configuration classes for test class [bankmicroservicesapp.controller.UserControllerTest]: UserControllerTest does not declare any static, non-private, non-final, nested classes annotated with @Configuration.
2023-10-31T19:02:35.638+01:00  INFO 8076 --- [main] .b.t.c.SpringBootTestContextBootstrapper : Found @SpringBootConfiguration bankmicroservicesapp.BankMicroservicesAppApplication for test class bankmicroservicesapp.controller.UserControllerTest
2023-10-31T19:02:35.741+01:00  INFO 8076 --- [main] b.aspect.LoggingAspect                   : NEW REQUEST:
IP : 127.0.0.1
URL : http://localhost/user/7d80f158-2eff-4328-9921-0792706fe2d5
HTTP_METHOD : GET
CONTROLLER_METHOD : bankmicroservicesapp.controller.UserController.getById
2023-10-31T19:02:35.742+01:00  INFO 8076 --- [main] b.aspect.LoggingAspect                   : RUN SERVICE:
SERVICE_METHOD : bankmicroservicesapp.service.impl.UserServiceImpl.findById
2023-10-31T19:02:35.772+01:00  INFO 8076 --- [main] b.aspect.LoggingAspect                   : 
Return value: UserDto(id=7d80f158-2eff-4328-9921-0792706fe2d5, taxCode=IT678901234, firstName=Marco, lastName=Ferrari, email=marco.ferrari@gmail.com, userPassword=123123123123, address=901 Via Roma, Turin, Italy, phone=+39 678 901 2345, accountId=null, employeeId=null)
END OF REQUEST
2023-10-31T19:02:35.801+01:00  INFO 8076 --- [main] t.c.s.AnnotationConfigContextLoaderUtils : Could not detect default configuration classes for test class [bankmicroservicesapp.controller.ProductControllerTest]: ProductControllerTest does not declare any static, non-private, non-final, nested classes annotated with @Configuration.
2023-10-31T19:02:35.812+01:00  INFO 8076 --- [main] .b.t.c.SpringBootTestContextBootstrapper : Found @SpringBootConfiguration bankmicroservicesapp.BankMicroservicesAppApplication for test class bankmicroservicesapp.controller.ProductControllerTest
2023-10-31T19:02:35.965+01:00  INFO 8076 --- [main] b.aspect.LoggingAspect                   : NEW REQUEST:
IP : 127.0.0.1
URL : http://localhost/product/get/interestRate
HTTP_METHOD : GET
CONTROLLER_METHOD : bankmicroservicesapp.controller.ProductController.findProductAgreementStatus
2023-10-31T19:02:35.968+01:00  INFO 8076 --- [main] b.aspect.LoggingAspect                   : RUN SERVICE:
SERVICE_METHOD : bankmicroservicesapp.service.impl.ProductServiceImpl.findAllProductWhereAgreementQuantityMoreThan
2023-10-31T19:02:35.981+01:00  INFO 8076 --- [main] b.aspect.LoggingAspect                   : 
Return value: [ProductDto(id=60587cf0-aaa3-475a-8ef8-aa452c6e8fe9, productType=HealthInsurance, productStatus=Available, interestRate=2.99)]
END OF REQUEST
2023-10-31T19:02:36.156+01:00  INFO 8076 --- [main] b.aspect.LoggingAspect                   : NEW REQUEST:
IP : 127.0.0.1
URL : http://localhost/product/update/60587cf0-aaa3-475a-8ef8-aa452c6e8fe9
HTTP_METHOD : POST
CONTROLLER_METHOD : bankmicroservicesapp.controller.ProductController.updateProduct
2023-10-31T19:02:36.157+01:00  INFO 8076 --- [main] b.aspect.LoggingAspect                   : RUN SERVICE:
SERVICE_METHOD : bankmicroservicesapp.service.impl.ProductServiceImpl.updateProduct
2023-10-31T19:02:36.199+01:00  INFO 8076 --- [main] b.aspect.LoggingAspect                   : 
Return value: ProductUpdateDto(productType=PersonalLoans, productStatus=Available, interestRate=2.99)
END OF REQUEST
2023-10-31T19:02:36.221+01:00  INFO 8076 --- [main] b.aspect.LoggingAspect                   : NEW REQUEST:
IP : 127.0.0.1
URL : http://localhost/product/get/60587cf0-aaa3-475a-8ef8-aa452c6e8fe9
HTTP_METHOD : GET
CONTROLLER_METHOD : bankmicroservicesapp.controller.ProductController.getById
2023-10-31T19:02:36.222+01:00  INFO 8076 --- [main] b.aspect.LoggingAspect                   : RUN SERVICE:
SERVICE_METHOD : bankmicroservicesapp.service.impl.ProductServiceImpl.findProductById
2023-10-31T19:02:36.229+01:00  INFO 8076 --- [main] b.aspect.LoggingAspect                   : 
Return value: ProductDto(id=60587cf0-aaa3-475a-8ef8-aa452c6e8fe9, productType=PersonalLoans, productStatus=Available, interestRate=2.99)
END OF REQUEST
2023-10-31T19:02:36.249+01:00  INFO 8076 --- [main] t.c.s.AnnotationConfigContextLoaderUtils : Could not detect default configuration classes for test class [bankmicroservicesapp.BankMicroservicesAppApplicationTests]: BankMicroservicesAppApplicationTests does not declare any static, non-private, non-final, nested classes annotated with @Configuration.
2023-10-31T19:02:36.260+01:00  INFO 8076 --- [main] .b.t.c.SpringBootTestContextBootstrapper : Found @SpringBootConfiguration bankmicroservicesapp.BankMicroservicesAppApplication for test class bankmicroservicesapp.BankMicroservicesAppApplicationTests
2023-10-31T19:02:36.395+01:00  INFO 8076 --- [main] b.BankMicroservicesAppApplicationTests   : Starting BankMicroservicesAppApplicationTests using Java 19.0.2 with PID 8076 (started by Tel-ran.de in C:\programmers\Project\BankMicroservicesApp)
2023-10-31T19:02:36.395+01:00  INFO 8076 --- [main] b.BankMicroservicesAppApplicationTests   : No active profile set, falling back to 1 default profile: "default"
2023-10-31T19:02:37.016+01:00  INFO 8076 --- [main] .s.d.r.c.RepositoryConfigurationDelegate : Multiple Spring Data modules found, entering strict repository configuration mode
2023-10-31T19:02:37.017+01:00  INFO 8076 --- [main] .s.d.r.c.RepositoryConfigurationDelegate : Bootstrapping Spring Data JDBC repositories in DEFAULT mode.
2023-10-31T19:02:37.039+01:00  INFO 8076 --- [main] .RepositoryConfigurationExtensionSupport : Spring Data JDBC - Could not safely identify store assignment for repository candidate interface bankmicroservicesapp.repository.AccountRepository; If you want this repository to be a JDBC repository, consider annotating your entities with one of these annotations: org.springframework.data.relational.core.mapping.Table.
2023-10-31T19:02:37.040+01:00  INFO 8076 --- [main] .RepositoryConfigurationExtensionSupport : Spring Data JDBC - Could not safely identify store assignment for repository candidate interface bankmicroservicesapp.repository.AgreementRepository; If you want this repository to be a JDBC repository, consider annotating your entities with one of these annotations: org.springframework.data.relational.core.mapping.Table.
2023-10-31T19:02:37.041+01:00  INFO 8076 --- [main] .RepositoryConfigurationExtensionSupport : Spring Data JDBC - Could not safely identify store assignment for repository candidate interface bankmicroservicesapp.repository.EmployeeRepository; If you want this repository to be a JDBC repository, consider annotating your entities with one of these annotations: org.springframework.data.relational.core.mapping.Table.
2023-10-31T19:02:37.041+01:00  INFO 8076 --- [main] .RepositoryConfigurationExtensionSupport : Spring Data JDBC - Could not safely identify store assignment for repository candidate interface bankmicroservicesapp.repository.ProductRepository; If you want this repository to be a JDBC repository, consider annotating your entities with one of these annotations: org.springframework.data.relational.core.mapping.Table.
2023-10-31T19:02:37.042+01:00  INFO 8076 --- [main] .RepositoryConfigurationExtensionSupport : Spring Data JDBC - Could not safely identify store assignment for repository candidate interface bankmicroservicesapp.repository.TransactionRepository; If you want this repository to be a JDBC repository, consider annotating your entities with one of these annotations: org.springframework.data.relational.core.mapping.Table.
2023-10-31T19:02:37.043+01:00  INFO 8076 --- [main] .RepositoryConfigurationExtensionSupport : Spring Data JDBC - Could not safely identify store assignment for repository candidate interface bankmicroservicesapp.repository.UserRepository; If you want this repository to be a JDBC repository, consider annotating your entities with one of these annotations: org.springframework.data.relational.core.mapping.Table.
2023-10-31T19:02:37.043+01:00  INFO 8076 --- [main] .s.d.r.c.RepositoryConfigurationDelegate : Finished Spring Data repository scanning in 23 ms. Found 0 JDBC repository interfaces.
2023-10-31T19:02:37.049+01:00  INFO 8076 --- [main] .s.d.r.c.RepositoryConfigurationDelegate : Multiple Spring Data modules found, entering strict repository configuration mode
2023-10-31T19:02:37.050+01:00  INFO 8076 --- [main] .s.d.r.c.RepositoryConfigurationDelegate : Bootstrapping Spring Data JPA repositories in DEFAULT mode.
2023-10-31T19:02:37.106+01:00  INFO 8076 --- [main] .s.d.r.c.RepositoryConfigurationDelegate : Finished Spring Data repository scanning in 56 ms. Found 6 JPA repository interfaces.
2023-10-31T19:02:37.522+01:00  INFO 8076 --- [main] o.hibernate.jpa.internal.util.LogHelper  : HHH000204: Processing PersistenceUnitInfo [name: default]
2023-10-31T19:02:37.540+01:00  INFO 8076 --- [main] o.h.b.i.BytecodeProviderInitiator        : HHH000021: Bytecode provider name : bytebuddy
2023-10-31T19:02:37.540+01:00  INFO 8076 --- [main] o.s.o.j.p.SpringPersistenceUnitInfo      : No LoadTimeWeaver setup: ignoring JPA class transformer
2023-10-31T19:02:37.542+01:00  INFO 8076 --- [main] com.zaxxer.hikari.HikariDataSource       : HikariPool-2 - Starting...
2023-10-31T19:02:37.544+01:00  INFO 8076 --- [main] com.zaxxer.hikari.pool.HikariPool        : HikariPool-2 - Added connection conn11: url=jdbc:h2:file:./testDb user=SA
2023-10-31T19:02:37.545+01:00  INFO 8076 --- [main] com.zaxxer.hikari.HikariDataSource       : HikariPool-2 - Start completed.
2023-10-31T19:02:37.675+01:00  INFO 8076 --- [main] o.h.b.i.BytecodeProviderInitiator        : HHH000021: Bytecode provider name : bytebuddy
2023-10-31T19:02:38.153+01:00  INFO 8076 --- [main] o.h.e.t.j.p.i.JtaPlatformInitiator       : HHH000490: Using JtaPlatform implementation: [org.hibernate.engine.transaction.jta.platform.internal.NoJtaPlatform]
2023-10-31T19:02:38.153+01:00  INFO 8076 --- [main] j.LocalContainerEntityManagerFactoryBean : Initialized JPA EntityManagerFactory for persistence unit 'default'
2023-10-31T19:02:39.982+01:00  WARN 8076 --- [main] JpaBaseConfiguration$JpaWebConfiguration : spring.jpa.open-in-view is enabled by default. Therefore, database queries may be performed during view rendering. Explicitly configure spring.jpa.open-in-view to disable this warning
2023-10-31T19:02:41.265+01:00  INFO 8076 --- [main] b.BankMicroservicesAppApplicationTests   : Started BankMicroservicesAppApplicationTests in 4.991 seconds (process running for 76.196)
2023-10-31T19:02:41.423+01:00  INFO 8076 --- [main] t.c.s.AnnotationConfigContextLoaderUtils : Could not detect default configuration classes for test class [bankmicroservicesapp.controller.TransactionControllerTest]: TransactionControllerTest does not declare any static, non-private, non-final, nested classes annotated with @Configuration.
2023-10-31T19:02:41.435+01:00  INFO 8076 --- [main] .b.t.c.SpringBootTestContextBootstrapper : Found @SpringBootConfiguration bankmicroservicesapp.BankMicroservicesAppApplication for test class bankmicroservicesapp.controller.TransactionControllerTest
2023-10-31T19:02:41.636+01:00  INFO 8076 --- [main] b.aspect.LoggingAspect                   : NEW REQUEST:
IP : 127.0.0.1
URL : http://localhost/transaction/all
HTTP_METHOD : GET
CONTROLLER_METHOD : bankmicroservicesapp.controller.TransactionController.getAllTransaction
2023-10-31T19:02:41.637+01:00  INFO 8076 --- [main] b.aspect.LoggingAspect                   : RUN SERVICE:
SERVICE_METHOD : bankmicroservicesapp.service.impl.TransactionServiceImpl.getAll
2023-10-31T19:02:41.683+01:00  INFO 8076 --- [main] b.aspect.LoggingAspect                   : 
Return value: [TransactionDto(id=06752bb6-809f-400a-afff-50aaf6ccd647, type=TransferFunds, amount=0.0, description=for cookies, debitAccountId=11ebe124-0d14-4675-99ef-d07da2b2222a, creditAccountId=11ebe124-0d14-4675-99ef-d07da2b2222a)]
END OF REQUEST
2023-10-31T19:02:41.728+01:00  INFO 8076 --- [main] t.c.s.AnnotationConfigContextLoaderUtils : Could not detect default configuration classes for test class [bankmicroservicesapp.controller.AccountControllerTest]: AccountControllerTest does not declare any static, non-private, non-final, nested classes annotated with @Configuration.
2023-10-31T19:02:41.736+01:00  INFO 8076 --- [main] .b.t.c.SpringBootTestContextBootstrapper : Found @SpringBootConfiguration bankmicroservicesapp.BankMicroservicesAppApplication for test class bankmicroservicesapp.controller.AccountControllerTest
2023-10-31T19:02:41.866+01:00  INFO 8076 --- [main] b.aspect.LoggingAspect                   : NEW REQUEST:
IP : 127.0.0.1
URL : http://localhost/account/get-all/by-status
HTTP_METHOD : GET
CONTROLLER_METHOD : bankmicroservicesapp.controller.AccountController.getAllStatus
2023-10-31T19:02:41.875+01:00  INFO 8076 --- [main] b.aspect.LoggingAspect                   : RUN SERVICE:
SERVICE_METHOD : bankmicroservicesapp.service.impl.AccountServiceImpl.getAllByStatus
2023-10-31T19:02:41.897+01:00  INFO 8076 --- [main] b.aspect.LoggingAspect                   : 
Return value: [AccountDto(userId=05ebe134-0d14-4675-99ef-d07da2b2212f, name=John.Smith, type=Personal, status=Active, currencyCode=USD, bankRating=5, balance=12250.0)]
END OF REQUEST
2023-10-31T19:02:42.165+01:00  INFO 8076 --- [main] b.aspect.LoggingAspect                   : NEW REQUEST:
IP : 127.0.0.1
URL : http://localhost/account/create
HTTP_METHOD : POST
CONTROLLER_METHOD : bankmicroservicesapp.controller.AccountController.createAccount
2023-10-31T19:02:42.166+01:00  INFO 8076 --- [main] b.aspect.LoggingAspect                   : RUN SERVICE:
SERVICE_METHOD : bankmicroservicesapp.service.impl.AccountServiceImpl.createdAccount
2023-10-31T19:02:42.213+01:00  INFO 8076 --- [main] b.aspect.LoggingAspect                   : 
Return value: Account{id=8e595b2d-2b2e-485a-b608-2f7362e3fd44, name='John.Jonson', type=Business, status=New, balance=350.0, currencyCode=EUR, bankRating=5, createdAt=2023-10-31T19:02:42.200636, updatedAt=2023-10-31T19:02:42.200636}
END OF REQUEST
2023-10-31T19:02:42.319+01:00  INFO 8076 --- [SpringApplicationShutdownHook] j.LocalContainerEntityManagerFactoryBean : Closing JPA EntityManagerFactory for persistence unit 'default'
2023-10-31T19:02:42.792+01:00  INFO 8076 --- [SpringApplicationShutdownHook] com.zaxxer.hikari.HikariDataSource       : HikariPool-1 - Shutdown initiated...
2023-10-31T19:02:42.795+01:00  INFO 8076 --- [SpringApplicationShutdownHook] com.zaxxer.hikari.HikariDataSource       : HikariPool-1 - Shutdown completed.
2023-10-31T19:02:42.799+01:00  INFO 8076 --- [SpringApplicationShutdownHook] j.LocalContainerEntityManagerFactoryBean : Closing JPA EntityManagerFactory for persistence unit 'default'
2023-10-31T19:02:42.801+01:00  INFO 8076 --- [SpringApplicationShutdownHook] com.zaxxer.hikari.HikariDataSource       : HikariPool-2 - Shutdown initiated...
2023-10-31T19:02:42.802+01:00  INFO 8076 --- [SpringApplicationShutdownHook] com.zaxxer.hikari.HikariDataSource       : HikariPool-2 - Shutdown completed.
2023-10-31T19:03:46.715+01:00  INFO 4316 --- [main] b.controller.AgreementControllerTest     : Starting AgreementControllerTest using Java 19.0.2 with PID 4316 (started by Tel-ran.de in C:\programmers\Project\BankMicroservicesApp)
2023-10-31T19:03:46.729+01:00  INFO 4316 --- [main] b.controller.AgreementControllerTest     : No active profile set, falling back to 1 default profile: "default"
2023-10-31T19:03:50.390+01:00  INFO 4316 --- [main] .s.d.r.c.RepositoryConfigurationDelegate : Multiple Spring Data modules found, entering strict repository configuration mode
2023-10-31T19:03:50.397+01:00  INFO 4316 --- [main] .s.d.r.c.RepositoryConfigurationDelegate : Bootstrapping Spring Data JDBC repositories in DEFAULT mode.
2023-10-31T19:03:50.571+01:00  INFO 4316 --- [main] .RepositoryConfigurationExtensionSupport : Spring Data JDBC - Could not safely identify store assignment for repository candidate interface bankmicroservicesapp.repository.AccountRepository; If you want this repository to be a JDBC repository, consider annotating your entities with one of these annotations: org.springframework.data.relational.core.mapping.Table.
2023-10-31T19:03:50.576+01:00  INFO 4316 --- [main] .RepositoryConfigurationExtensionSupport : Spring Data JDBC - Could not safely identify store assignment for repository candidate interface bankmicroservicesapp.repository.AgreementRepository; If you want this repository to be a JDBC repository, consider annotating your entities with one of these annotations: org.springframework.data.relational.core.mapping.Table.
2023-10-31T19:03:50.582+01:00  INFO 4316 --- [main] .RepositoryConfigurationExtensionSupport : Spring Data JDBC - Could not safely identify store assignment for repository candidate interface bankmicroservicesapp.repository.EmployeeRepository; If you want this repository to be a JDBC repository, consider annotating your entities with one of these annotations: org.springframework.data.relational.core.mapping.Table.
2023-10-31T19:03:50.590+01:00  INFO 4316 --- [main] .RepositoryConfigurationExtensionSupport : Spring Data JDBC - Could not safely identify store assignment for repository candidate interface bankmicroservicesapp.repository.ProductRepository; If you want this repository to be a JDBC repository, consider annotating your entities with one of these annotations: org.springframework.data.relational.core.mapping.Table.
2023-10-31T19:03:50.594+01:00  INFO 4316 --- [main] .RepositoryConfigurationExtensionSupport : Spring Data JDBC - Could not safely identify store assignment for repository candidate interface bankmicroservicesapp.repository.TransactionRepository; If you want this repository to be a JDBC repository, consider annotating your entities with one of these annotations: org.springframework.data.relational.core.mapping.Table.
2023-10-31T19:03:50.602+01:00  INFO 4316 --- [main] .RepositoryConfigurationExtensionSupport : Spring Data JDBC - Could not safely identify store assignment for repository candidate interface bankmicroservicesapp.repository.UserRepository; If you want this repository to be a JDBC repository, consider annotating your entities with one of these annotations: org.springframework.data.relational.core.mapping.Table.
2023-10-31T19:03:50.610+01:00  INFO 4316 --- [main] .s.d.r.c.RepositoryConfigurationDelegate : Finished Spring Data repository scanning in 188 ms. Found 0 JDBC repository interfaces.
2023-10-31T19:03:50.786+01:00  INFO 4316 --- [main] .s.d.r.c.RepositoryConfigurationDelegate : Multiple Spring Data modules found, entering strict repository configuration mode
2023-10-31T19:03:50.790+01:00  INFO 4316 --- [main] .s.d.r.c.RepositoryConfigurationDelegate : Bootstrapping Spring Data JPA repositories in DEFAULT mode.
2023-10-31T19:03:51.102+01:00  INFO 4316 --- [main] .s.d.r.c.RepositoryConfigurationDelegate : Finished Spring Data repository scanning in 293 ms. Found 6 JPA repository interfaces.
2023-10-31T19:03:54.533+01:00  INFO 4316 --- [main] o.hibernate.jpa.internal.util.LogHelper  : HHH000204: Processing PersistenceUnitInfo [name: default]
2023-10-31T19:03:54.924+01:00  INFO 4316 --- [main] org.hibernate.Version                    : HHH000412: Hibernate ORM core version 6.2.7.Final
2023-10-31T19:03:54.936+01:00  INFO 4316 --- [main] org.hibernate.cfg.Environment            : HHH000406: Using bytecode reflection optimizer
2023-10-31T19:03:56.104+01:00  INFO 4316 --- [main] o.h.b.i.BytecodeProviderInitiator        : HHH000021: Bytecode provider name : bytebuddy
2023-10-31T19:03:58.040+01:00  INFO 4316 --- [main] o.s.o.j.p.SpringPersistenceUnitInfo      : No LoadTimeWeaver setup: ignoring JPA class transformer
2023-10-31T19:03:58.190+01:00  INFO 4316 --- [main] com.zaxxer.hikari.HikariDataSource       : HikariPool-1 - Starting...
2023-10-31T19:04:01.404+01:00  INFO 4316 --- [main] com.zaxxer.hikari.pool.HikariPool        : HikariPool-1 - Added connection conn1: url=jdbc:h2:file:./testDb user=SA
2023-10-31T19:04:01.411+01:00  INFO 4316 --- [main] com.zaxxer.hikari.HikariDataSource       : HikariPool-1 - Start completed.
2023-10-31T19:04:03.387+01:00  INFO 4316 --- [main] o.h.b.i.BytecodeProviderInitiator        : HHH000021: Bytecode provider name : bytebuddy
2023-10-31T19:04:06.585+01:00  INFO 4316 --- [main] o.h.e.t.j.p.i.JtaPlatformInitiator       : HHH000490: Using JtaPlatform implementation: [org.hibernate.engine.transaction.jta.platform.internal.NoJtaPlatform]
2023-10-31T19:04:06.592+01:00  INFO 4316 --- [main] j.LocalContainerEntityManagerFactoryBean : Initialized JPA EntityManagerFactory for persistence unit 'default'
2023-10-31T19:04:08.220+01:00  INFO 4316 --- [main] o.s.d.j.r.query.QueryEnhancerFactory     : Hibernate is in classpath; If applicable, HQL parser will be used.
2023-10-31T19:04:12.496+01:00  WARN 4316 --- [main] JpaBaseConfiguration$JpaWebConfiguration : spring.jpa.open-in-view is enabled by default. Therefore, database queries may be performed during view rendering. Explicitly configure spring.jpa.open-in-view to disable this warning
2023-10-31T19:04:15.349+01:00  INFO 4316 --- [main] o.s.b.t.m.w.SpringBootMockServletContext : Initializing Spring TestDispatcherServlet ''
2023-10-31T19:04:15.349+01:00  INFO 4316 --- [main] o.s.t.web.servlet.TestDispatcherServlet  : Initializing Servlet ''
2023-10-31T19:04:15.353+01:00  INFO 4316 --- [main] o.s.t.web.servlet.TestDispatcherServlet  : Completed initialization in 3 ms
2023-10-31T19:04:15.469+01:00  INFO 4316 --- [main] b.controller.AgreementControllerTest     : Started AgreementControllerTest in 31.6 seconds (process running for 38.825)
2023-10-31T19:04:17.457+01:00  INFO 4316 --- [main] b.aspect.LoggingAspect                   : NEW REQUEST:
IP : 127.0.0.1
URL : http://localhost/agreement/get/agreementClientId
HTTP_METHOD : GET
CONTROLLER_METHOD : bankmicroservicesapp.controller.AgreementController.findAgreementsClientIdIs
2023-10-31T19:04:17.461+01:00  INFO 4316 --- [main] b.aspect.LoggingAspect                   : RUN SERVICE:
SERVICE_METHOD : bankmicroservicesapp.service.impl.AgreementServiceImpl.findAgreementsWhereClientIdIs
2023-10-31T19:04:18.028+01:00  INFO 4316 --- [main] b.aspect.LoggingAspect                   : 
Return value: [AgreementDto(productName=HealthInsurance, userId=05ebe134-0d14-4675-99ef-d07da2b2212f, interestRate=10.2, currencyCode=USD, status=Completed, discount=0.0, agreementLimit=5000.0, sum=500.0)]
END OF REQUEST
2023-10-31T19:04:18.506+01:00  INFO 4316 --- [main] b.aspect.LoggingAspect                   : NEW REQUEST:
IP : 127.0.0.1
URL : http://localhost/agreement/get/agreementManager
HTTP_METHOD : GET
CONTROLLER_METHOD : bankmicroservicesapp.controller.AgreementController.findAgreementManager
2023-10-31T19:04:18.507+01:00  INFO 4316 --- [main] b.aspect.LoggingAspect                   : RUN SERVICE:
SERVICE_METHOD : bankmicroservicesapp.service.impl.AgreementServiceImpl.findAgreementWhereManagerId
2023-10-31T19:04:18.531+01:00  INFO 4316 --- [main] b.aspect.LoggingAspect                   : 
Return value: [AgreementDto(productName=HealthInsurance, userId=05ebe134-0d14-4675-99ef-d07da2b2212f, interestRate=10.2, currencyCode=USD, status=Completed, discount=0.0, agreementLimit=5000.0, sum=500.0)]
END OF REQUEST
2023-10-31T19:04:18.666+01:00  INFO 4316 --- [main] b.aspect.LoggingAspect                   : NEW REQUEST:
IP : 127.0.0.1
URL : http://localhost/agreement/delete/a242f83f-a341-45f4-9430-e43cfbf55361
HTTP_METHOD : DELETE
CONTROLLER_METHOD : bankmicroservicesapp.controller.AgreementController.deleteById
2023-10-31T19:04:18.668+01:00  INFO 4316 --- [main] b.aspect.LoggingAspect                   : RUN SERVICE:
SERVICE_METHOD : bankmicroservicesapp.service.impl.AgreementServiceImpl.deleteById
2023-10-31T19:04:19.014+01:00 ERROR 4316 --- [main] b.aspect.LoggingAspect                   : Request throw an exception. Cause - [a242f83f-a341-45f4-9430-e43cfbf55361]. Data not exist!
2023-10-31T19:04:19.154+01:00  INFO 4316 --- [main] b.aspect.LoggingAspect                   : NEW REQUEST:
IP : 127.0.0.1
URL : http://localhost/agreement/get/a242f83f-a341-45f4-9430-e43cfbf55361
HTTP_METHOD : GET
CONTROLLER_METHOD : bankmicroservicesapp.controller.AgreementController.getById
2023-10-31T19:04:19.154+01:00  INFO 4316 --- [main] b.aspect.LoggingAspect                   : RUN SERVICE:
SERVICE_METHOD : bankmicroservicesapp.service.impl.AgreementServiceImpl.findAgreementById
2023-10-31T19:04:19.161+01:00 ERROR 4316 --- [main] b.aspect.LoggingAspect                   : Request throw an exception. Cause - [a242f83f-a341-45f4-9430-e43cfbf55361]. Data not exist!
2023-10-31T19:04:19.199+01:00  INFO 4316 --- [main] t.c.s.AnnotationConfigContextLoaderUtils : Could not detect default configuration classes for test class [bankmicroservicesapp.controller.UserControllerTest]: UserControllerTest does not declare any static, non-private, non-final, nested classes annotated with @Configuration.
2023-10-31T19:04:19.210+01:00  INFO 4316 --- [main] .b.t.c.SpringBootTestContextBootstrapper : Found @SpringBootConfiguration bankmicroservicesapp.BankMicroservicesAppApplication for test class bankmicroservicesapp.controller.UserControllerTest
2023-10-31T19:04:19.374+01:00  INFO 4316 --- [main] b.aspect.LoggingAspect                   : NEW REQUEST:
IP : 127.0.0.1
URL : http://localhost/user/7d80f158-2eff-4328-9921-0792706fe2d5
HTTP_METHOD : GET
CONTROLLER_METHOD : bankmicroservicesapp.controller.UserController.getById
2023-10-31T19:04:19.375+01:00  INFO 4316 --- [main] b.aspect.LoggingAspect                   : RUN SERVICE:
SERVICE_METHOD : bankmicroservicesapp.service.impl.UserServiceImpl.findById
2023-10-31T19:04:19.403+01:00  INFO 4316 --- [main] b.aspect.LoggingAspect                   : 
Return value: UserDto(id=7d80f158-2eff-4328-9921-0792706fe2d5, taxCode=IT678901234, firstName=Marco, lastName=Ferrari, email=marco.ferrari@gmail.com, userPassword=123123123123, address=901 Via Roma, Turin, Italy, phone=+39 678 901 2345, accountId=null, employeeId=null)
END OF REQUEST
2023-10-31T19:04:19.436+01:00  INFO 4316 --- [main] t.c.s.AnnotationConfigContextLoaderUtils : Could not detect default configuration classes for test class [bankmicroservicesapp.controller.ProductControllerTest]: ProductControllerTest does not declare any static, non-private, non-final, nested classes annotated with @Configuration.
2023-10-31T19:04:19.445+01:00  INFO 4316 --- [main] .b.t.c.SpringBootTestContextBootstrapper : Found @SpringBootConfiguration bankmicroservicesapp.BankMicroservicesAppApplication for test class bankmicroservicesapp.controller.ProductControllerTest
2023-10-31T19:04:19.575+01:00  INFO 4316 --- [main] b.aspect.LoggingAspect                   : NEW REQUEST:
IP : 127.0.0.1
URL : http://localhost/product/get/interestRate
HTTP_METHOD : GET
CONTROLLER_METHOD : bankmicroservicesapp.controller.ProductController.findProductAgreementStatus
2023-10-31T19:04:19.576+01:00  INFO 4316 --- [main] b.aspect.LoggingAspect                   : RUN SERVICE:
SERVICE_METHOD : bankmicroservicesapp.service.impl.ProductServiceImpl.findAllProductWhereAgreementQuantityMoreThan
2023-10-31T19:04:19.586+01:00  INFO 4316 --- [main] b.aspect.LoggingAspect                   : 
Return value: [ProductDto(id=60587cf0-aaa3-475a-8ef8-aa452c6e8fe9, productType=HealthInsurance, productStatus=Available, interestRate=2.99)]
END OF REQUEST
2023-10-31T19:04:19.781+01:00  INFO 4316 --- [main] b.aspect.LoggingAspect                   : NEW REQUEST:
IP : 127.0.0.1
URL : http://localhost/product/update/60587cf0-aaa3-475a-8ef8-aa452c6e8fe9
HTTP_METHOD : POST
CONTROLLER_METHOD : bankmicroservicesapp.controller.ProductController.updateProduct
2023-10-31T19:04:19.782+01:00  INFO 4316 --- [main] b.aspect.LoggingAspect                   : RUN SERVICE:
SERVICE_METHOD : bankmicroservicesapp.service.impl.ProductServiceImpl.updateProduct
2023-10-31T19:04:19.815+01:00  INFO 4316 --- [main] b.aspect.LoggingAspect                   : 
Return value: ProductUpdateDto(productType=PersonalLoans, productStatus=Available, interestRate=2.99)
END OF REQUEST
2023-10-31T19:04:19.825+01:00  INFO 4316 --- [main] b.aspect.LoggingAspect                   : NEW REQUEST:
IP : 127.0.0.1
URL : http://localhost/product/get/60587cf0-aaa3-475a-8ef8-aa452c6e8fe9
HTTP_METHOD : GET
CONTROLLER_METHOD : bankmicroservicesapp.controller.ProductController.getById
2023-10-31T19:04:19.826+01:00  INFO 4316 --- [main] b.aspect.LoggingAspect                   : RUN SERVICE:
SERVICE_METHOD : bankmicroservicesapp.service.impl.ProductServiceImpl.findProductById
2023-10-31T19:04:19.830+01:00  INFO 4316 --- [main] b.aspect.LoggingAspect                   : 
Return value: ProductDto(id=60587cf0-aaa3-475a-8ef8-aa452c6e8fe9, productType=PersonalLoans, productStatus=Available, interestRate=2.99)
END OF REQUEST
2023-10-31T19:04:19.842+01:00  INFO 4316 --- [main] t.c.s.AnnotationConfigContextLoaderUtils : Could not detect default configuration classes for test class [bankmicroservicesapp.BankMicroservicesAppApplicationTests]: BankMicroservicesAppApplicationTests does not declare any static, non-private, non-final, nested classes annotated with @Configuration.
2023-10-31T19:04:19.856+01:00  INFO 4316 --- [main] .b.t.c.SpringBootTestContextBootstrapper : Found @SpringBootConfiguration bankmicroservicesapp.BankMicroservicesAppApplication for test class bankmicroservicesapp.BankMicroservicesAppApplicationTests
2023-10-31T19:04:19.974+01:00  INFO 4316 --- [main] b.BankMicroservicesAppApplicationTests   : Starting BankMicroservicesAppApplicationTests using Java 19.0.2 with PID 4316 (started by Tel-ran.de in C:\programmers\Project\BankMicroservicesApp)
2023-10-31T19:04:19.975+01:00  INFO 4316 --- [main] b.BankMicroservicesAppApplicationTests   : No active profile set, falling back to 1 default profile: "default"
2023-10-31T19:04:20.632+01:00  INFO 4316 --- [main] .s.d.r.c.RepositoryConfigurationDelegate : Multiple Spring Data modules found, entering strict repository configuration mode
2023-10-31T19:04:20.633+01:00  INFO 4316 --- [main] .s.d.r.c.RepositoryConfigurationDelegate : Bootstrapping Spring Data JDBC repositories in DEFAULT mode.
2023-10-31T19:04:20.653+01:00  INFO 4316 --- [main] .RepositoryConfigurationExtensionSupport : Spring Data JDBC - Could not safely identify store assignment for repository candidate interface bankmicroservicesapp.repository.AccountRepository; If you want this repository to be a JDBC repository, consider annotating your entities with one of these annotations: org.springframework.data.relational.core.mapping.Table.
2023-10-31T19:04:20.654+01:00  INFO 4316 --- [main] .RepositoryConfigurationExtensionSupport : Spring Data JDBC - Could not safely identify store assignment for repository candidate interface bankmicroservicesapp.repository.AgreementRepository; If you want this repository to be a JDBC repository, consider annotating your entities with one of these annotations: org.springframework.data.relational.core.mapping.Table.
2023-10-31T19:04:20.655+01:00  INFO 4316 --- [main] .RepositoryConfigurationExtensionSupport : Spring Data JDBC - Could not safely identify store assignment for repository candidate interface bankmicroservicesapp.repository.EmployeeRepository; If you want this repository to be a JDBC repository, consider annotating your entities with one of these annotations: org.springframework.data.relational.core.mapping.Table.
2023-10-31T19:04:20.655+01:00  INFO 4316 --- [main] .RepositoryConfigurationExtensionSupport : Spring Data JDBC - Could not safely identify store assignment for repository candidate interface bankmicroservicesapp.repository.ProductRepository; If you want this repository to be a JDBC repository, consider annotating your entities with one of these annotations: org.springframework.data.relational.core.mapping.Table.
2023-10-31T19:04:20.655+01:00  INFO 4316 --- [main] .RepositoryConfigurationExtensionSupport : Spring Data JDBC - Could not safely identify store assignment for repository candidate interface bankmicroservicesapp.repository.TransactionRepository; If you want this repository to be a JDBC repository, consider annotating your entities with one of these annotations: org.springframework.data.relational.core.mapping.Table.
2023-10-31T19:04:20.656+01:00  INFO 4316 --- [main] .RepositoryConfigurationExtensionSupport : Spring Data JDBC - Could not safely identify store assignment for repository candidate interface bankmicroservicesapp.repository.UserRepository; If you want this repository to be a JDBC repository, consider annotating your entities with one of these annotations: org.springframework.data.relational.core.mapping.Table.
2023-10-31T19:04:20.656+01:00  INFO 4316 --- [main] .s.d.r.c.RepositoryConfigurationDelegate : Finished Spring Data repository scanning in 22 ms. Found 0 JDBC repository interfaces.
2023-10-31T19:04:20.664+01:00  INFO 4316 --- [main] .s.d.r.c.RepositoryConfigurationDelegate : Multiple Spring Data modules found, entering strict repository configuration mode
2023-10-31T19:04:20.665+01:00  INFO 4316 --- [main] .s.d.r.c.RepositoryConfigurationDelegate : Bootstrapping Spring Data JPA repositories in DEFAULT mode.
2023-10-31T19:04:20.752+01:00  INFO 4316 --- [main] .s.d.r.c.RepositoryConfigurationDelegate : Finished Spring Data repository scanning in 86 ms. Found 6 JPA repository interfaces.
2023-10-31T19:04:21.207+01:00  INFO 4316 --- [main] o.hibernate.jpa.internal.util.LogHelper  : HHH000204: Processing PersistenceUnitInfo [name: default]
2023-10-31T19:04:21.228+01:00  INFO 4316 --- [main] o.h.b.i.BytecodeProviderInitiator        : HHH000021: Bytecode provider name : bytebuddy
2023-10-31T19:04:21.230+01:00  INFO 4316 --- [main] o.s.o.j.p.SpringPersistenceUnitInfo      : No LoadTimeWeaver setup: ignoring JPA class transformer
2023-10-31T19:04:21.231+01:00  INFO 4316 --- [main] com.zaxxer.hikari.HikariDataSource       : HikariPool-2 - Starting...
2023-10-31T19:04:21.235+01:00  INFO 4316 --- [main] com.zaxxer.hikari.pool.HikariPool        : HikariPool-2 - Added connection conn11: url=jdbc:h2:file:./testDb user=SA
2023-10-31T19:04:21.236+01:00  INFO 4316 --- [main] com.zaxxer.hikari.HikariDataSource       : HikariPool-2 - Start completed.
2023-10-31T19:04:21.385+01:00  INFO 4316 --- [main] o.h.b.i.BytecodeProviderInitiator        : HHH000021: Bytecode provider name : bytebuddy
2023-10-31T19:04:21.893+01:00  INFO 4316 --- [main] o.h.e.t.j.p.i.JtaPlatformInitiator       : HHH000490: Using JtaPlatform implementation: [org.hibernate.engine.transaction.jta.platform.internal.NoJtaPlatform]
2023-10-31T19:04:21.894+01:00  INFO 4316 --- [main] j.LocalContainerEntityManagerFactoryBean : Initialized JPA EntityManagerFactory for persistence unit 'default'
2023-10-31T19:04:23.709+01:00  WARN 4316 --- [main] JpaBaseConfiguration$JpaWebConfiguration : spring.jpa.open-in-view is enabled by default. Therefore, database queries may be performed during view rendering. Explicitly configure spring.jpa.open-in-view to disable this warning
2023-10-31T19:04:24.781+01:00  INFO 4316 --- [main] b.BankMicroservicesAppApplicationTests   : Started BankMicroservicesAppApplicationTests in 4.903 seconds (process running for 48.137)
2023-10-31T19:04:24.828+01:00  INFO 4316 --- [main] t.c.s.AnnotationConfigContextLoaderUtils : Could not detect default configuration classes for test class [bankmicroservicesapp.controller.TransactionControllerTest]: TransactionControllerTest does not declare any static, non-private, non-final, nested classes annotated with @Configuration.
2023-10-31T19:04:24.834+01:00  INFO 4316 --- [main] .b.t.c.SpringBootTestContextBootstrapper : Found @SpringBootConfiguration bankmicroservicesapp.BankMicroservicesAppApplication for test class bankmicroservicesapp.controller.TransactionControllerTest
2023-10-31T19:04:24.995+01:00  INFO 4316 --- [main] b.aspect.LoggingAspect                   : NEW REQUEST:
IP : 127.0.0.1
URL : http://localhost/transaction/all
HTTP_METHOD : GET
CONTROLLER_METHOD : bankmicroservicesapp.controller.TransactionController.getAllTransaction
2023-10-31T19:04:24.996+01:00  INFO 4316 --- [main] b.aspect.LoggingAspect                   : RUN SERVICE:
SERVICE_METHOD : bankmicroservicesapp.service.impl.TransactionServiceImpl.getAll
2023-10-31T19:04:25.031+01:00  INFO 4316 --- [main] b.aspect.LoggingAspect                   : 
Return value: [TransactionDto(id=06752bb6-809f-400a-afff-50aaf6ccd647, type=TransferFunds, amount=0.0, description=for cookies, debitAccountId=11ebe124-0d14-4675-99ef-d07da2b2222a, creditAccountId=11ebe124-0d14-4675-99ef-d07da2b2222a)]
END OF REQUEST
2023-10-31T19:04:25.072+01:00  INFO 4316 --- [main] t.c.s.AnnotationConfigContextLoaderUtils : Could not detect default configuration classes for test class [bankmicroservicesapp.controller.AccountControllerTest]: AccountControllerTest does not declare any static, non-private, non-final, nested classes annotated with @Configuration.
2023-10-31T19:04:25.078+01:00  INFO 4316 --- [main] .b.t.c.SpringBootTestContextBootstrapper : Found @SpringBootConfiguration bankmicroservicesapp.BankMicroservicesAppApplication for test class bankmicroservicesapp.controller.AccountControllerTest
2023-10-31T19:04:25.159+01:00  INFO 4316 --- [main] b.aspect.LoggingAspect                   : NEW REQUEST:
IP : 127.0.0.1
URL : http://localhost/account/get-all/by-status
HTTP_METHOD : GET
CONTROLLER_METHOD : bankmicroservicesapp.controller.AccountController.getAllStatus
2023-10-31T19:04:25.160+01:00  INFO 4316 --- [main] b.aspect.LoggingAspect                   : RUN SERVICE:
SERVICE_METHOD : bankmicroservicesapp.service.impl.AccountServiceImpl.getAllByStatus
2023-10-31T19:04:25.173+01:00  INFO 4316 --- [main] b.aspect.LoggingAspect                   : 
Return value: [AccountDto(userId=05ebe134-0d14-4675-99ef-d07da2b2212f, name=John.Smith, type=Personal, status=Active, currencyCode=USD, bankRating=5, balance=12250.0)]
END OF REQUEST
2023-10-31T19:04:25.259+01:00  INFO 4316 --- [main] b.aspect.LoggingAspect                   : NEW REQUEST:
IP : 127.0.0.1
URL : http://localhost/account/create
HTTP_METHOD : POST
CONTROLLER_METHOD : bankmicroservicesapp.controller.AccountController.createAccount
2023-10-31T19:04:25.260+01:00  INFO 4316 --- [main] b.aspect.LoggingAspect                   : RUN SERVICE:
SERVICE_METHOD : bankmicroservicesapp.service.impl.AccountServiceImpl.createdAccount
2023-10-31T19:04:25.298+01:00  INFO 4316 --- [main] b.aspect.LoggingAspect                   : 
Return value: Account{id=62e273c8-97a1-4a4d-b42a-06e42d519a61, name='John.Jonson', type=Business, status=New, balance=350.0, currencyCode=EUR, bankRating=5, createdAt=2023-10-31T19:04:25.288113, updatedAt=2023-10-31T19:04:25.288113}
END OF REQUEST
2023-10-31T19:04:25.411+01:00  INFO 4316 --- [SpringApplicationShutdownHook] j.LocalContainerEntityManagerFactoryBean : Closing JPA EntityManagerFactory for persistence unit 'default'
2023-10-31T19:04:25.894+01:00  INFO 4316 --- [SpringApplicationShutdownHook] com.zaxxer.hikari.HikariDataSource       : HikariPool-1 - Shutdown initiated...
2023-10-31T19:04:25.904+01:00  INFO 4316 --- [SpringApplicationShutdownHook] com.zaxxer.hikari.HikariDataSource       : HikariPool-1 - Shutdown completed.
2023-10-31T19:04:25.909+01:00  INFO 4316 --- [SpringApplicationShutdownHook] j.LocalContainerEntityManagerFactoryBean : Closing JPA EntityManagerFactory for persistence unit 'default'
2023-10-31T19:04:25.910+01:00  INFO 4316 --- [SpringApplicationShutdownHook] com.zaxxer.hikari.HikariDataSource       : HikariPool-2 - Shutdown initiated...
2023-10-31T19:04:25.913+01:00  INFO 4316 --- [SpringApplicationShutdownHook] com.zaxxer.hikari.HikariDataSource       : HikariPool-2 - Shutdown completed.
2023-10-31T19:21:16.543+01:00  INFO 20148 --- [main] b.BankMicroservicesAppApplicationTests   : Starting BankMicroservicesAppApplicationTests using Java 19.0.2 with PID 20148 (started by Tel-ran.de in C:\programmers\Project\BankMicroservicesApp)
2023-10-31T19:21:16.552+01:00  INFO 20148 --- [main] b.BankMicroservicesAppApplicationTests   : No active profile set, falling back to 1 default profile: "default"
2023-10-31T19:21:20.261+01:00  INFO 20148 --- [main] .s.d.r.c.RepositoryConfigurationDelegate : Multiple Spring Data modules found, entering strict repository configuration mode
2023-10-31T19:21:20.266+01:00  INFO 20148 --- [main] .s.d.r.c.RepositoryConfigurationDelegate : Bootstrapping Spring Data JDBC repositories in DEFAULT mode.
2023-10-31T19:21:20.561+01:00  INFO 20148 --- [main] .RepositoryConfigurationExtensionSupport : Spring Data JDBC - Could not safely identify store assignment for repository candidate interface bankmicroservicesapp.repository.AccountRepository; If you want this repository to be a JDBC repository, consider annotating your entities with one of these annotations: org.springframework.data.relational.core.mapping.Table.
2023-10-31T19:21:20.567+01:00  INFO 20148 --- [main] .RepositoryConfigurationExtensionSupport : Spring Data JDBC - Could not safely identify store assignment for repository candidate interface bankmicroservicesapp.repository.AgreementRepository; If you want this repository to be a JDBC repository, consider annotating your entities with one of these annotations: org.springframework.data.relational.core.mapping.Table.
2023-10-31T19:21:20.572+01:00  INFO 20148 --- [main] .RepositoryConfigurationExtensionSupport : Spring Data JDBC - Could not safely identify store assignment for repository candidate interface bankmicroservicesapp.repository.EmployeeRepository; If you want this repository to be a JDBC repository, consider annotating your entities with one of these annotations: org.springframework.data.relational.core.mapping.Table.
2023-10-31T19:21:20.577+01:00  INFO 20148 --- [main] .RepositoryConfigurationExtensionSupport : Spring Data JDBC - Could not safely identify store assignment for repository candidate interface bankmicroservicesapp.repository.ProductRepository; If you want this repository to be a JDBC repository, consider annotating your entities with one of these annotations: org.springframework.data.relational.core.mapping.Table.
2023-10-31T19:21:20.582+01:00  INFO 20148 --- [main] .RepositoryConfigurationExtensionSupport : Spring Data JDBC - Could not safely identify store assignment for repository candidate interface bankmicroservicesapp.repository.TransactionRepository; If you want this repository to be a JDBC repository, consider annotating your entities with one of these annotations: org.springframework.data.relational.core.mapping.Table.
2023-10-31T19:21:20.586+01:00  INFO 20148 --- [main] .RepositoryConfigurationExtensionSupport : Spring Data JDBC - Could not safely identify store assignment for repository candidate interface bankmicroservicesapp.repository.UserRepository; If you want this repository to be a JDBC repository, consider annotating your entities with one of these annotations: org.springframework.data.relational.core.mapping.Table.
2023-10-31T19:21:20.590+01:00  INFO 20148 --- [main] .s.d.r.c.RepositoryConfigurationDelegate : Finished Spring Data repository scanning in 305 ms. Found 0 JDBC repository interfaces.
2023-10-31T19:21:20.632+01:00  INFO 20148 --- [main] .s.d.r.c.RepositoryConfigurationDelegate : Multiple Spring Data modules found, entering strict repository configuration mode
2023-10-31T19:21:20.634+01:00  INFO 20148 --- [main] .s.d.r.c.RepositoryConfigurationDelegate : Bootstrapping Spring Data JPA repositories in DEFAULT mode.
2023-10-31T19:21:20.856+01:00  INFO 20148 --- [main] .s.d.r.c.RepositoryConfigurationDelegate : Finished Spring Data repository scanning in 206 ms. Found 6 JPA repository interfaces.
2023-10-31T19:21:26.535+01:00  INFO 20148 --- [main] o.hibernate.jpa.internal.util.LogHelper  : HHH000204: Processing PersistenceUnitInfo [name: default]
2023-10-31T19:21:26.934+01:00  INFO 20148 --- [main] org.hibernate.Version                    : HHH000412: Hibernate ORM core version 6.2.7.Final
2023-10-31T19:21:26.950+01:00  INFO 20148 --- [main] org.hibernate.cfg.Environment            : HHH000406: Using bytecode reflection optimizer
2023-10-31T19:21:28.677+01:00  INFO 20148 --- [main] o.h.b.i.BytecodeProviderInitiator        : HHH000021: Bytecode provider name : bytebuddy
2023-10-31T19:21:30.072+01:00  INFO 20148 --- [main] o.s.o.j.p.SpringPersistenceUnitInfo      : No LoadTimeWeaver setup: ignoring JPA class transformer
2023-10-31T19:21:30.284+01:00  INFO 20148 --- [main] com.zaxxer.hikari.HikariDataSource       : HikariPool-1 - Starting...
2023-10-31T19:21:34.006+01:00  INFO 20148 --- [main] com.zaxxer.hikari.pool.HikariPool        : HikariPool-1 - Added connection conn1: url=jdbc:h2:file:./testDb user=SA
2023-10-31T19:21:34.017+01:00  INFO 20148 --- [main] com.zaxxer.hikari.HikariDataSource       : HikariPool-1 - Start completed.
2023-10-31T19:21:35.635+01:00  INFO 20148 --- [main] o.h.b.i.BytecodeProviderInitiator        : HHH000021: Bytecode provider name : bytebuddy
2023-10-31T19:21:39.261+01:00  INFO 20148 --- [main] o.h.e.t.j.p.i.JtaPlatformInitiator       : HHH000490: Using JtaPlatform implementation: [org.hibernate.engine.transaction.jta.platform.internal.NoJtaPlatform]
2023-10-31T19:21:39.270+01:00  INFO 20148 --- [main] j.LocalContainerEntityManagerFactoryBean : Initialized JPA EntityManagerFactory for persistence unit 'default'
2023-10-31T19:21:43.095+01:00  INFO 20148 --- [main] o.s.d.j.r.query.QueryEnhancerFactory     : Hibernate is in classpath; If applicable, HQL parser will be used.
2023-10-31T19:21:48.372+01:00  WARN 20148 --- [main] JpaBaseConfiguration$JpaWebConfiguration : spring.jpa.open-in-view is enabled by default. Therefore, database queries may be performed during view rendering. Explicitly configure spring.jpa.open-in-view to disable this warning
2023-10-31T19:21:51.537+01:00  INFO 20148 --- [main] b.BankMicroservicesAppApplicationTests   : Started BankMicroservicesAppApplicationTests in 38.671 seconds (process running for 47.49)
2023-10-31T19:21:53.334+01:00  INFO 20148 --- [main] t.c.s.AnnotationConfigContextLoaderUtils : Could not detect default configuration classes for test class [bankmicroservicesapp.controller.AccountControllerTest]: AccountControllerTest does not declare any static, non-private, non-final, nested classes annotated with @Configuration.
2023-10-31T19:21:53.533+01:00  INFO 20148 --- [main] .b.t.c.SpringBootTestContextBootstrapper : Found @SpringBootConfiguration bankmicroservicesapp.BankMicroservicesAppApplication for test class bankmicroservicesapp.controller.AccountControllerTest
2023-10-31T19:21:53.700+01:00  INFO 20148 --- [main] b.controller.AccountControllerTest       : Starting AccountControllerTest using Java 19.0.2 with PID 20148 (started by Tel-ran.de in C:\programmers\Project\BankMicroservicesApp)
2023-10-31T19:21:53.702+01:00  INFO 20148 --- [main] b.controller.AccountControllerTest       : No active profile set, falling back to 1 default profile: "default"
2023-10-31T19:21:54.640+01:00  INFO 20148 --- [main] .s.d.r.c.RepositoryConfigurationDelegate : Multiple Spring Data modules found, entering strict repository configuration mode
2023-10-31T19:21:54.641+01:00  INFO 20148 --- [main] .s.d.r.c.RepositoryConfigurationDelegate : Bootstrapping Spring Data JDBC repositories in DEFAULT mode.
2023-10-31T19:21:54.675+01:00  INFO 20148 --- [main] .RepositoryConfigurationExtensionSupport : Spring Data JDBC - Could not safely identify store assignment for repository candidate interface bankmicroservicesapp.repository.AccountRepository; If you want this repository to be a JDBC repository, consider annotating your entities with one of these annotations: org.springframework.data.relational.core.mapping.Table.
2023-10-31T19:21:54.676+01:00  INFO 20148 --- [main] .RepositoryConfigurationExtensionSupport : Spring Data JDBC - Could not safely identify store assignment for repository candidate interface bankmicroservicesapp.repository.AgreementRepository; If you want this repository to be a JDBC repository, consider annotating your entities with one of these annotations: org.springframework.data.relational.core.mapping.Table.
2023-10-31T19:21:54.677+01:00  INFO 20148 --- [main] .RepositoryConfigurationExtensionSupport : Spring Data JDBC - Could not safely identify store assignment for repository candidate interface bankmicroservicesapp.repository.EmployeeRepository; If you want this repository to be a JDBC repository, consider annotating your entities with one of these annotations: org.springframework.data.relational.core.mapping.Table.
2023-10-31T19:21:54.679+01:00  INFO 20148 --- [main] .RepositoryConfigurationExtensionSupport : Spring Data JDBC - Could not safely identify store assignment for repository candidate interface bankmicroservicesapp.repository.ProductRepository; If you want this repository to be a JDBC repository, consider annotating your entities with one of these annotations: org.springframework.data.relational.core.mapping.Table.
2023-10-31T19:21:54.680+01:00  INFO 20148 --- [main] .RepositoryConfigurationExtensionSupport : Spring Data JDBC - Could not safely identify store assignment for repository candidate interface bankmicroservicesapp.repository.TransactionRepository; If you want this repository to be a JDBC repository, consider annotating your entities with one of these annotations: org.springframework.data.relational.core.mapping.Table.
2023-10-31T19:21:54.681+01:00  INFO 20148 --- [main] .RepositoryConfigurationExtensionSupport : Spring Data JDBC - Could not safely identify store assignment for repository candidate interface bankmicroservicesapp.repository.UserRepository; If you want this repository to be a JDBC repository, consider annotating your entities with one of these annotations: org.springframework.data.relational.core.mapping.Table.
2023-10-31T19:21:54.681+01:00  INFO 20148 --- [main] .s.d.r.c.RepositoryConfigurationDelegate : Finished Spring Data repository scanning in 40 ms. Found 0 JDBC repository interfaces.
2023-10-31T19:21:54.688+01:00  INFO 20148 --- [main] .s.d.r.c.RepositoryConfigurationDelegate : Multiple Spring Data modules found, entering strict repository configuration mode
2023-10-31T19:21:54.689+01:00  INFO 20148 --- [main] .s.d.r.c.RepositoryConfigurationDelegate : Bootstrapping Spring Data JPA repositories in DEFAULT mode.
2023-10-31T19:21:54.784+01:00  INFO 20148 --- [main] .s.d.r.c.RepositoryConfigurationDelegate : Finished Spring Data repository scanning in 94 ms. Found 6 JPA repository interfaces.
2023-10-31T19:21:55.764+01:00  INFO 20148 --- [main] o.hibernate.jpa.internal.util.LogHelper  : HHH000204: Processing PersistenceUnitInfo [name: default]
2023-10-31T19:21:55.790+01:00  INFO 20148 --- [main] o.h.b.i.BytecodeProviderInitiator        : HHH000021: Bytecode provider name : bytebuddy
2023-10-31T19:21:55.790+01:00  INFO 20148 --- [main] o.s.o.j.p.SpringPersistenceUnitInfo      : No LoadTimeWeaver setup: ignoring JPA class transformer
2023-10-31T19:21:55.793+01:00  INFO 20148 --- [main] com.zaxxer.hikari.HikariDataSource       : HikariPool-2 - Starting...
2023-10-31T19:21:55.796+01:00  INFO 20148 --- [main] com.zaxxer.hikari.pool.HikariPool        : HikariPool-2 - Added connection conn11: url=jdbc:h2:file:./testDb user=SA
2023-10-31T19:21:55.798+01:00  INFO 20148 --- [main] com.zaxxer.hikari.HikariDataSource       : HikariPool-2 - Start completed.
2023-10-31T19:21:55.955+01:00  INFO 20148 --- [main] o.h.b.i.BytecodeProviderInitiator        : HHH000021: Bytecode provider name : bytebuddy
2023-10-31T19:21:56.766+01:00  INFO 20148 --- [main] o.h.e.t.j.p.i.JtaPlatformInitiator       : HHH000490: Using JtaPlatform implementation: [org.hibernate.engine.transaction.jta.platform.internal.NoJtaPlatform]
2023-10-31T19:21:56.767+01:00  INFO 20148 --- [main] j.LocalContainerEntityManagerFactoryBean : Initialized JPA EntityManagerFactory for persistence unit 'default'
2023-10-31T19:21:59.442+01:00  WARN 20148 --- [main] JpaBaseConfiguration$JpaWebConfiguration : spring.jpa.open-in-view is enabled by default. Therefore, database queries may be performed during view rendering. Explicitly configure spring.jpa.open-in-view to disable this warning
2023-10-31T19:22:01.044+01:00  INFO 20148 --- [main] o.s.b.t.m.w.SpringBootMockServletContext : Initializing Spring TestDispatcherServlet ''
2023-10-31T19:22:01.045+01:00  INFO 20148 --- [main] o.s.t.web.servlet.TestDispatcherServlet  : Initializing Servlet ''
2023-10-31T19:22:01.053+01:00  INFO 20148 --- [main] o.s.t.web.servlet.TestDispatcherServlet  : Completed initialization in 4 ms
2023-10-31T19:22:01.143+01:00  INFO 20148 --- [main] b.controller.AccountControllerTest       : Started AccountControllerTest in 7.575 seconds (process running for 57.096)
2023-10-31T19:22:01.654+01:00  INFO 20148 --- [main] b.aspect.LoggingAspect                   : NEW REQUEST:
IP : 127.0.0.1
URL : http://localhost/account/get-all/by-status
HTTP_METHOD : GET
CONTROLLER_METHOD : bankmicroservicesapp.controller.AccountController.getAllStatus
2023-10-31T19:22:01.662+01:00  INFO 20148 --- [main] b.aspect.LoggingAspect                   : RUN SERVICE:
SERVICE_METHOD : bankmicroservicesapp.service.impl.AccountServiceImpl.getAllByStatus
2023-10-31T19:22:02.161+01:00  INFO 20148 --- [main] b.aspect.LoggingAspect                   : 
Return value: [AccountDto(userId=05ebe134-0d14-4675-99ef-d07da2b2212f, name=John.Smith, type=Personal, status=Active, currencyCode=USD, bankRating=5, balance=12250.0)]
END OF REQUEST
2023-10-31T19:22:02.569+01:00  INFO 20148 --- [main] b.aspect.LoggingAspect                   : NEW REQUEST:
IP : 127.0.0.1
URL : http://localhost/account/create
HTTP_METHOD : POST
CONTROLLER_METHOD : bankmicroservicesapp.controller.AccountController.createAccount
2023-10-31T19:22:02.572+01:00  INFO 20148 --- [main] b.aspect.LoggingAspect                   : RUN SERVICE:
SERVICE_METHOD : bankmicroservicesapp.service.impl.AccountServiceImpl.createdAccount
2023-10-31T19:22:02.727+01:00  INFO 20148 --- [main] b.aspect.LoggingAspect                   : 
Return value: Account{id=56da3a18-de32-456b-92d5-693b692550ad, name='John.Jonson', type=Business, status=New, balance=350.0, currencyCode=EUR, bankRating=5, createdAt=2023-10-31T19:22:02.691780, updatedAt=2023-10-31T19:22:02.691780}
END OF REQUEST
2023-10-31T19:22:02.930+01:00  INFO 20148 --- [main] t.c.s.AnnotationConfigContextLoaderUtils : Could not detect default configuration classes for test class [bankmicroservicesapp.controller.AgreementControllerTest]: AgreementControllerTest does not declare any static, non-private, non-final, nested classes annotated with @Configuration.
2023-10-31T19:22:02.936+01:00  INFO 20148 --- [main] .b.t.c.SpringBootTestContextBootstrapper : Found @SpringBootConfiguration bankmicroservicesapp.BankMicroservicesAppApplication for test class bankmicroservicesapp.controller.AgreementControllerTest
2023-10-31T19:22:03.112+01:00  INFO 20148 --- [main] b.aspect.LoggingAspect                   : NEW REQUEST:
IP : 127.0.0.1
URL : http://localhost/agreement/get/agreementClientId
HTTP_METHOD : GET
CONTROLLER_METHOD : bankmicroservicesapp.controller.AgreementController.findAgreementsClientIdIs
2023-10-31T19:22:03.113+01:00  INFO 20148 --- [main] b.aspect.LoggingAspect                   : RUN SERVICE:
SERVICE_METHOD : bankmicroservicesapp.service.impl.AgreementServiceImpl.findAgreementsWhereClientIdIs
2023-10-31T19:22:03.145+01:00  INFO 20148 --- [main] b.aspect.LoggingAspect                   : 
Return value: [AgreementDto(productName=HealthInsurance, userId=05ebe134-0d14-4675-99ef-d07da2b2212f, interestRate=10.2, currencyCode=USD, status=Completed, discount=0.0, agreementLimit=5000.0, sum=500.0)]
END OF REQUEST
2023-10-31T19:22:03.255+01:00  INFO 20148 --- [main] b.aspect.LoggingAspect                   : NEW REQUEST:
IP : 127.0.0.1
URL : http://localhost/agreement/get/agreementManager
HTTP_METHOD : GET
CONTROLLER_METHOD : bankmicroservicesapp.controller.AgreementController.findAgreementManager
2023-10-31T19:22:03.255+01:00  INFO 20148 --- [main] b.aspect.LoggingAspect                   : RUN SERVICE:
SERVICE_METHOD : bankmicroservicesapp.service.impl.AgreementServiceImpl.findAgreementWhereManagerId
2023-10-31T19:22:03.274+01:00  INFO 20148 --- [main] b.aspect.LoggingAspect                   : 
Return value: [AgreementDto(productName=HealthInsurance, userId=05ebe134-0d14-4675-99ef-d07da2b2212f, interestRate=10.2, currencyCode=USD, status=Completed, discount=0.0, agreementLimit=5000.0, sum=500.0)]
END OF REQUEST
2023-10-31T19:22:03.350+01:00  INFO 20148 --- [main] b.aspect.LoggingAspect                   : NEW REQUEST:
IP : 127.0.0.1
URL : http://localhost/agreement/delete/a242f83f-a341-45f4-9430-e43cfbf55361
HTTP_METHOD : DELETE
CONTROLLER_METHOD : bankmicroservicesapp.controller.AgreementController.deleteById
2023-10-31T19:22:03.351+01:00  INFO 20148 --- [main] b.aspect.LoggingAspect                   : RUN SERVICE:
SERVICE_METHOD : bankmicroservicesapp.service.impl.AgreementServiceImpl.deleteById
2023-10-31T19:22:03.457+01:00 ERROR 20148 --- [main] b.aspect.LoggingAspect                   : Request throw an exception. Cause - [a242f83f-a341-45f4-9430-e43cfbf55361]. Data not exist!
2023-10-31T19:22:03.539+01:00  INFO 20148 --- [main] b.aspect.LoggingAspect                   : NEW REQUEST:
IP : 127.0.0.1
URL : http://localhost/agreement/get/a242f83f-a341-45f4-9430-e43cfbf55361
HTTP_METHOD : GET
CONTROLLER_METHOD : bankmicroservicesapp.controller.AgreementController.getById
2023-10-31T19:22:03.539+01:00  INFO 20148 --- [main] b.aspect.LoggingAspect                   : RUN SERVICE:
SERVICE_METHOD : bankmicroservicesapp.service.impl.AgreementServiceImpl.findAgreementById
2023-10-31T19:22:03.543+01:00 ERROR 20148 --- [main] b.aspect.LoggingAspect                   : Request throw an exception. Cause - [a242f83f-a341-45f4-9430-e43cfbf55361]. Data not exist!
2023-10-31T19:22:03.567+01:00  INFO 20148 --- [main] t.c.s.AnnotationConfigContextLoaderUtils : Could not detect default configuration classes for test class [bankmicroservicesapp.controller.ProductControllerTest]: ProductControllerTest does not declare any static, non-private, non-final, nested classes annotated with @Configuration.
2023-10-31T19:22:03.597+01:00  INFO 20148 --- [main] .b.t.c.SpringBootTestContextBootstrapper : Found @SpringBootConfiguration bankmicroservicesapp.BankMicroservicesAppApplication for test class bankmicroservicesapp.controller.ProductControllerTest
2023-10-31T19:22:03.689+01:00  INFO 20148 --- [main] b.aspect.LoggingAspect                   : NEW REQUEST:
IP : 127.0.0.1
URL : http://localhost/product/get/interestRate
HTTP_METHOD : GET
CONTROLLER_METHOD : bankmicroservicesapp.controller.ProductController.findProductAgreementStatus
2023-10-31T19:22:03.690+01:00  INFO 20148 --- [main] b.aspect.LoggingAspect                   : RUN SERVICE:
SERVICE_METHOD : bankmicroservicesapp.service.impl.ProductServiceImpl.findAllProductWhereAgreementQuantityMoreThan
2023-10-31T19:22:03.700+01:00  INFO 20148 --- [main] b.aspect.LoggingAspect                   : 
Return value: [ProductDto(id=60587cf0-aaa3-475a-8ef8-aa452c6e8fe9, productType=HealthInsurance, productStatus=Available, interestRate=2.99)]
END OF REQUEST
2023-10-31T19:22:03.775+01:00  INFO 20148 --- [main] b.aspect.LoggingAspect                   : NEW REQUEST:
IP : 127.0.0.1
URL : http://localhost/product/update/60587cf0-aaa3-475a-8ef8-aa452c6e8fe9
HTTP_METHOD : POST
CONTROLLER_METHOD : bankmicroservicesapp.controller.ProductController.updateProduct
2023-10-31T19:22:03.776+01:00  INFO 20148 --- [main] b.aspect.LoggingAspect                   : RUN SERVICE:
SERVICE_METHOD : bankmicroservicesapp.service.impl.ProductServiceImpl.updateProduct
2023-10-31T19:22:03.810+01:00  INFO 20148 --- [main] b.aspect.LoggingAspect                   : 
Return value: ProductUpdateDto(productType=PersonalLoans, productStatus=Available, interestRate=2.99)
END OF REQUEST
2023-10-31T19:22:03.817+01:00  INFO 20148 --- [main] b.aspect.LoggingAspect                   : NEW REQUEST:
IP : 127.0.0.1
URL : http://localhost/product/get/60587cf0-aaa3-475a-8ef8-aa452c6e8fe9
HTTP_METHOD : GET
CONTROLLER_METHOD : bankmicroservicesapp.controller.ProductController.getById
2023-10-31T19:22:03.817+01:00  INFO 20148 --- [main] b.aspect.LoggingAspect                   : RUN SERVICE:
SERVICE_METHOD : bankmicroservicesapp.service.impl.ProductServiceImpl.findProductById
2023-10-31T19:22:03.821+01:00  INFO 20148 --- [main] b.aspect.LoggingAspect                   : 
Return value: ProductDto(id=60587cf0-aaa3-475a-8ef8-aa452c6e8fe9, productType=PersonalLoans, productStatus=Available, interestRate=2.99)
END OF REQUEST
2023-10-31T19:22:03.852+01:00  INFO 20148 --- [main] t.c.s.AnnotationConfigContextLoaderUtils : Could not detect default configuration classes for test class [bankmicroservicesapp.controller.TransactionControllerTest]: TransactionControllerTest does not declare any static, non-private, non-final, nested classes annotated with @Configuration.
2023-10-31T19:22:03.860+01:00  INFO 20148 --- [main] .b.t.c.SpringBootTestContextBootstrapper : Found @SpringBootConfiguration bankmicroservicesapp.BankMicroservicesAppApplication for test class bankmicroservicesapp.controller.TransactionControllerTest
2023-10-31T19:22:03.948+01:00  INFO 20148 --- [main] b.aspect.LoggingAspect                   : NEW REQUEST:
IP : 127.0.0.1
URL : http://localhost/transaction/all
HTTP_METHOD : GET
CONTROLLER_METHOD : bankmicroservicesapp.controller.TransactionController.getAllTransaction
2023-10-31T19:22:03.949+01:00  INFO 20148 --- [main] b.aspect.LoggingAspect                   : RUN SERVICE:
SERVICE_METHOD : bankmicroservicesapp.service.impl.TransactionServiceImpl.getAll
2023-10-31T19:22:03.970+01:00  INFO 20148 --- [main] b.aspect.LoggingAspect                   : 
Return value: [TransactionDto(id=06752bb6-809f-400a-afff-50aaf6ccd647, type=TransferFunds, amount=0.0, description=for cookies, debitAccountId=11ebe124-0d14-4675-99ef-d07da2b2222a, creditAccountId=11ebe124-0d14-4675-99ef-d07da2b2222a)]
END OF REQUEST
2023-10-31T19:22:03.997+01:00  INFO 20148 --- [main] t.c.s.AnnotationConfigContextLoaderUtils : Could not detect default configuration classes for test class [bankmicroservicesapp.controller.UserControllerTest]: UserControllerTest does not declare any static, non-private, non-final, nested classes annotated with @Configuration.
2023-10-31T19:22:04.006+01:00  INFO 20148 --- [main] .b.t.c.SpringBootTestContextBootstrapper : Found @SpringBootConfiguration bankmicroservicesapp.BankMicroservicesAppApplication for test class bankmicroservicesapp.controller.UserControllerTest
2023-10-31T19:22:04.121+01:00  INFO 20148 --- [main] b.aspect.LoggingAspect                   : NEW REQUEST:
IP : 127.0.0.1
URL : http://localhost/user/7d80f158-2eff-4328-9921-0792706fe2d5
HTTP_METHOD : GET
CONTROLLER_METHOD : bankmicroservicesapp.controller.UserController.getById
2023-10-31T19:22:04.122+01:00  INFO 20148 --- [main] b.aspect.LoggingAspect                   : RUN SERVICE:
SERVICE_METHOD : bankmicroservicesapp.service.impl.UserServiceImpl.findById
2023-10-31T19:22:04.128+01:00  INFO 20148 --- [main] b.aspect.LoggingAspect                   : 
Return value: UserDto(id=7d80f158-2eff-4328-9921-0792706fe2d5, taxCode=IT678901234, firstName=Marco, lastName=Ferrari, email=marco.ferrari@gmail.com, userPassword=123123123123, address=901 Via Roma, Turin, Italy, phone=+39 678 901 2345, accountId=null, employeeId=null)
END OF REQUEST
2023-10-31T19:22:04.162+01:00  INFO 20148 --- [SpringApplicationShutdownHook] j.LocalContainerEntityManagerFactoryBean : Closing JPA EntityManagerFactory for persistence unit 'default'
2023-10-31T19:22:04.821+01:00  INFO 20148 --- [SpringApplicationShutdownHook] com.zaxxer.hikari.HikariDataSource       : HikariPool-1 - Shutdown initiated...
2023-10-31T19:22:04.824+01:00  INFO 20148 --- [SpringApplicationShutdownHook] com.zaxxer.hikari.HikariDataSource       : HikariPool-1 - Shutdown completed.
2023-10-31T19:22:04.829+01:00  INFO 20148 --- [SpringApplicationShutdownHook] j.LocalContainerEntityManagerFactoryBean : Closing JPA EntityManagerFactory for persistence unit 'default'
2023-10-31T19:22:04.830+01:00  INFO 20148 --- [SpringApplicationShutdownHook] com.zaxxer.hikari.HikariDataSource       : HikariPool-2 - Shutdown initiated...
2023-10-31T19:22:04.832+01:00  INFO 20148 --- [SpringApplicationShutdownHook] com.zaxxer.hikari.HikariDataSource       : HikariPool-2 - Shutdown completed.
